$ lake build FormalConjecturesForMathlib.WrittenOnTheWallII.GraphConjecture146.GraphConjecture146Proof
✔ [1787/1798] Built FormalConjecturesForMathlib.Combinatorics.SimpleGraph.LargestInducedTree (1.2s)
✔ [1788/1798] Built FormalConjecturesForMathlib.Combinatorics.SimpleGraph.VertexDistance (2.4s)
✔ [1789/1798] Built FormalConjecturesForMathlib.Combinatorics.SimpleGraph.Eccentricity (1.9s)
✔ [1790/1798] Built FormalConjecturesForMathlib.WrittenOnTheWallII.GraphConjecture146.GraphSquareMetric (1.9s)
✔ [1791/1798] Built FormalConjecturesForMathlib.WrittenOnTheWallII.GraphConjecture146.GraphSquareRadius (2.1s)
✔ [1792/1798] Built FormalConjecturesForMathlib.WrittenOnTheWallII.GraphConjecture142Proof (15s)
✔ [1793/1798] Built FormalConjecturesForMathlib.WrittenOnTheWallII.GraphConjecture146.GlobalBounds (1.6s)
✔ [1794/1798] Built FormalConjecturesForMathlib.WrittenOnTheWallII.GraphConjecture146.Metric (1.8s)
✔ [1795/1798] Built FormalConjecturesForMathlib.WrittenOnTheWallII.GraphConjecture146.Reduction (2.2s)
✔ [1796/1798] Built FormalConjecturesForMathlib.WrittenOnTheWallII.GraphConjecture146.Exceptional (2.6s)
✔ [1797/1798] Built FormalConjecturesForMathlib.WrittenOnTheWallII.GraphConjecture146.ExceptionalTheorem (2.1s)
✔ [1798/1798] Built FormalConjecturesForMathlib.WrittenOnTheWallII.GraphConjecture146.GraphConjecture146Proof (1.5s)
Build completed successfully (1798 jobs).
$ lake build FormalConjecturesForMathlib.WrittenOnTheWallII.GraphConjecture146.Regression
✔ [1797/1797] Built FormalConjecturesForMathlib.WrittenOnTheWallII.GraphConjecture146.Regression (3.9s)
Build completed successfully (1797 jobs).
$ lake build FormalConjectures.WrittenOnTheWallII.GraphConjecture146
✔ [7884/7891] Built FormalConjecturesForMathlib.Algebra.Group.Action.Pointwise.Set.Basic (1.5s)
✔ [7885/7892] Built FormalConjecturesForMathlib.Order.Filter.atTopBot.Finset (1.7s)
✔ [7886/7892] Built FormalConjecturesForMathlib.Algebra.GCDMonoid.Finset (1.9s)
✔ [7887/7893] Built FormalConjecturesForMathlib.Algebra.Group.Indicator (1.5s)
✔ [7888/7894] Built FormalConjecturesForMathlib.Algebra.Polynomial.Basic (1.9s)
✔ [7889/7895] Built FormalConjecturesForMathlib.Algebra.Polynomial.Algebra (2.0s)
✔ [7890/7896] Built FormalConjecturesForMathlib.Algebra.Polynomial.HasseDeriv (2.6s)
✔ [7891/7897] Built FormalConjecturesForMathlib.Algebra.Powerfree (2.6s)
✔ [7892/7898] Built FormalConjecturesForMathlib.Algebra.Order.Group.Pointwise.Interval (6.4s)
✔ [7893/7899] Built FormalConjecturesForMathlib.Algebra.QuadraticAlgebra.Basic (4.4s)
✔ [7894/7900] Built FormalConjecturesForMathlib.Algebra.QuadraticAlgebra.Instances (4.1s)
✔ [7895/7900] Built FormalConjecturesForMathlib.AlgebraicGeometry.ProjectiveSpace (3.6s)
✔ [7896/7901] Built FormalConjecturesForMathlib.Algebra.Group.GrowthFunction (10s)
✔ [7897/7904] Built FormalConjecturesForMathlib.Analysis.Equidistribution.ModOne (2.4s)
✔ [7898/7905] Built FormalConjecturesForMathlib.Analysis.Asymptotics.Basic (2.7s)
✔ [7899/7906] Built FormalConjecturesForMathlib.AlgebraicGeometry.VectorBundle (3.7s)
✔ [7900/7907] Built FormalConjecturesForMathlib.Topology.Algebra.InfiniteSum.Group (2.4s)
✔ [7901/7908] Built FormalConjecturesForMathlib.Analysis.Real.Cardinality (2.3s)
✔ [7902/7908] Built FormalConjecturesForMathlib.Topology.Algebra.InfiniteSum.Order (2.8s)
✔ [7903/7908] Built FormalConjecturesForMathlib.Analysis.Fourier.SpectralSets (5.0s)
✔ [7904/7911] Built FormalConjecturesForMathlib.Analysis.SpecialFunctions.Log.Basic (4.7s)
✔ [7905/7913] Built FormalConjecturesForMathlib.Analysis.SpecialFunctions.NthRoot (4.3s)
✔ [7906/7913] Built FormalConjecturesForMathlib.Combinatorics.AP.Basic (4.3s)
✔ [7907/7914] Built FormalConjecturesForMathlib.Analysis.HasGaps (4.9s)
✔ [7908/7914] Built FormalConjecturesForMathlib.Order.Filter.Cofinite (1.0s)
✔ [7909/7914] Built FormalConjecturesForMathlib.Combinatorics.Additive.Convolution (2.6s)
✔ [7910/7917] Built FormalConjecturesForMathlib.Combinatorics.Additive.RestrictedSumset (1.7s)
✔ [7911/7918] Built FormalConjecturesForMathlib.Combinatorics.Additive.DifferenceBasis (1.9s)
✔ [7912/7919] Built FormalConjecturesForMathlib.Combinatorics.SetFamily.VCDim (2.3s)
✔ [7913/7919] Built FormalConjecturesForMathlib.Combinatorics.Additive.Coset (5.9s)
✔ [7914/7920] Built FormalConjecturesForMathlib.Combinatorics.Hypergraph.ThreeUniform (2.8s)
✔ [7915/7921] Built FormalConjecturesForMathlib.Combinatorics.LatinSquare (2.5s)
✔ [7916/7923] Built FormalConjecturesForMathlib.Combinatorics.Additive.Basis (8.5s)
✔ [7917/7924] Built FormalConjecturesForMathlib.Combinatorics.Additive.VCDim (6.0s)
✔ [7918/7925] Built FormalConjecturesForMathlib.Combinatorics.Ramsey (1.8s)
✔ [7919/7926] Built FormalConjecturesForMathlib.Combinatorics.SetFamily.Sunflower (1.9s)
✔ [7920/7926] Built FormalConjecturesForMathlib.Combinatorics.SetTheory.PartitionRelation (1.9s)
✔ [7921/7927] Built FormalConjecturesForMathlib.Combinatorics.SimpleGraph.Balanced (1.8s)
✔ [7922/7929] Built FormalConjecturesForMathlib.Combinatorics.SimpleGraph.Circumference (1.9s)
✔ [7923/7930] Built FormalConjecturesForMathlib.Combinatorics.Ramsey.Diagonal (2.9s)
✔ [7924/7930] Built FormalConjecturesForMathlib.Combinatorics.SimpleGraph.Clique (2.9s)
✔ [7925/7932] Built FormalConjecturesForMathlib.Combinatorics.SimpleGraph.CycleRank (1.8s)
✔ [7926/7932] Built FormalConjecturesForMathlib.Combinatorics.SimpleGraph.CompleteGraphEdgeCount (2.1s)
✔ [7928/7934] Built FormalConjecturesForMathlib.Combinatorics.SimpleGraph.DiamExtra (1.8s)
✔ [7929/7934] Built FormalConjecturesForMathlib.Combinatorics.SimpleGraph.Residue (2.3s)
✔ [7930/7937] Built FormalConjecturesForMathlib.Combinatorics.Basic (17s)
✔ [7931/7937] Built FormalConjecturesForMathlib.Combinatorics.SimpleGraph.FractionalAlpha (2.1s)
✔ [7932/7940] Built FormalConjecturesForMathlib.Combinatorics.SimpleGraph.SzegedIndex (3.3s)
✔ [7933/7941] Built FormalConjecturesForMathlib.Analysis.Matrix.Spectrum (2.7s)
✔ [7934/7941] Built FormalConjecturesForMathlib.Combinatorics.SimpleGraph.Degrees (2.4s)
✔ [7935/7942] Built FormalConjecturesForMathlib.Combinatorics.SimpleGraph.WienerIndex (3.2s)
✔ [7936/7943] Built FormalConjecturesForMathlib.Combinatorics.SimpleGraph.Coloring (7.9s)
✔ [7937/7943] Built FormalConjecturesForMathlib.Combinatorics.SimpleGraph.Cvetkovic (2.4s)
✔ [7938/7947] Built FormalConjecturesForMathlib.Combinatorics.SimpleGraph.LovaszTheta (2.7s)
✔ [7939/7947] Built FormalConjecturesForMathlib.Combinatorics.SimpleGraph.AnnihilationNumber (2.1s)
✔ [7940/7947] Built FormalConjecturesForMathlib.Combinatorics.SimpleGraph.Independence (2.2s)
✔ [7942/7948] Built FormalConjecturesForMathlib.Combinatorics.SimpleGraph.Temperature (1.8s)
✔ [7943/7950] Built FormalConjecturesForMathlib.Combinatorics.SimpleGraph.PathCover (1.7s)
✔ [7944/7950] Built FormalConjecturesForMathlib.Combinatorics.SimpleGraph.EdgeColouring (1.7s)
✔ [7946/7953] Built FormalConjecturesForMathlib.Combinatorics.SimpleGraph.Induced (2.2s)
✔ [7947/7954] Built FormalConjecturesForMathlib.Combinatorics.SimpleGraph.Domination (2.3s)
✔ [7948/7955] Built FormalConjecturesForMathlib.Combinatorics.SimpleGraph.WellTotallyDominated (1.8s)
✔ [7949/7956] Built FormalConjecturesForMathlib.Data.Finset.Card (1.6s)
✔ [7950/7957] Built FormalConjecturesForMathlib.Combinatorics.SimpleGraph.HomDensity (2.5s)
✔ [7951/7957] Built FormalConjecturesForMathlib.Combinatorics.SimpleGraph.Ramsey (1.7s)
✔ [7952/7959] Built FormalConjecturesForMathlib.Combinatorics.SimpleGraph.SizeRamsey (1.9s)
✔ [7953/7959] Built FormalConjecturesForMathlib.Combinatorics.SimpleGraph.Connectivity (1.7s)
✔ [7954/7960] Built FormalConjecturesForMathlib.Combinatorics.SimpleGraph.Johnson (2.1s)
✔ [7955/7961] Built FormalConjecturesForMathlib.Combinatorics.SimpleGraph.Matching (2.3s)
✔ [7956/7961] Built FormalConjecturesForMathlib.Combinatorics.SimpleGraph.SpanningTree (2.1s)
✔ [7957/7964] Built FormalConjecturesForMathlib.Combinatorics.YoungDiagram (1.7s)
✔ [7958/7967] Built FormalConjecturesForMathlib.Combinatorics.SimpleGraph.UnitDistancePlaneGraph (2.8s)
✔ [7959/7967] Built FormalConjecturesForMathlib.Computability.DFA (1.8s)
✔ [7960/7968] Built FormalConjecturesForMathlib.Computability.Encoding (1.0s)
✔ [7961/7969] Built FormalConjecturesForMathlib.Data.Finset.Powerset (1.7s)
✔ [7962/7970] Built FormalConjecturesForMathlib.Computability.TuringMachine.PostTuringMachine (1.9s)
✔ [7963/7970] Built FormalConjecturesForMathlib.Data.Finset.ReciprocalSum (1.9s)
✔ [7964/7971] Built FormalConjecturesForMathlib.Data.Int.IntermediateValue (1.5s)
✔ [7965/7972] Built FormalConjecturesForMathlib.Data.Nat.Factorization.Basic (2.1s)
✔ [7966/7972] Built FormalConjecturesForMathlib.Data.Nat.Full (2.4s)
✔ [7967/7974] Built FormalConjecturesForMathlib.Data.Nat.Init (1.5s)
✔ [7968/7975] Built FormalConjecturesForMathlib.Computability.TuringMachine.BusyBeavers (3.2s)
✔ [7969/7976] Built FormalConjecturesForMathlib.Data.Nat.Prime.Composite (1.6s)
✔ [7970/7976] Built FormalConjecturesForMathlib.Data.Nat.MaxPrimeFac (2.1s)
✔ [7971/7977] Built FormalConjecturesForMathlib.Data.Nat.Prime.Finset (1.6s)
✔ [7972/7978] Built FormalConjecturesForMathlib.Data.Nat.Prime.Defs (2.9s)
✔ [7973/7978] Built FormalConjecturesForMathlib.Data.Nat.PerfectPower (4.3s)
✔ [7974/7980] Built FormalConjecturesForMathlib.Computability.TuringMachine.Notation (3.5s)
✔ [7975/7982] Built FormalConjecturesForMathlib.Data.Real.NearestInt (1.8s)
✔ [7976/7983] Built FormalConjecturesForMathlib.Data.Real.Constants (2.9s)
✔ [7977/7984] Built FormalConjecturesForMathlib.Data.Set.Interval (1.7s)
✔ [7978/7985] Built FormalConjecturesForMathlib.Data.Nat.Squarefree (3.9s)
✔ [7979/7986] Built FormalConjecturesForMathlib.Order.Interval.Finset.Basic (1.0s)
✔ [7980/7987] Built FormalConjecturesForMathlib.Order.Interval.Finset.Nat (1.8s)
✔ [7981/7987] Built FormalConjecturesForMathlib.Data.ZMod.Fp (2.0s)
✔ [7982/7988] Built FormalConjecturesForMathlib.Data.Set.Triplewise (2.5s)
✔ [7983/7988] Built FormalConjecturesForMathlib.Data.ZMod.PerfectDifferenceSet (1.9s)
✔ [7984/7991] Built FormalConjecturesForMathlib.FieldTheory.MvRatFunc.Defs (2.4s)
✔ [7985/7992] Built FormalConjecturesForMathlib.Geometry.Metric (1.9s)
✔ [7986/7993] Built FormalConjecturesForMathlib.Geometry.Euclidean (2.8s)
✔ [7987/7994] Built FormalConjecturesForMathlib.Logic.Equiv.Fin.Rotate (1.8s)
✔ [7988/7994] Built FormalConjecturesForMathlib.LinearAlgebra.AffineSpace.Simplex.Basic (2.3s)
✔ [7989/7996] Built FormalConjecturesForMathlib.Data.Set.Density (5.5s)
✔ [7990/7997] Built FormalConjecturesForMathlib.Geometry.«3d» (3.5s)
✔ [7991/7998] Built FormalConjecturesForMathlib.LinearAlgebra.GeneralLinearGroup (2.9s)
✔ [7992/7999] Built FormalConjecturesForMathlib.NumberTheory.AdditivelyComplete (2.2s)
✔ [7993/7999] Built FormalConjecturesForMathlib.NumberTheory.Amicable (1.9s)
✔ [7994/8000] Built FormalConjecturesForMathlib.NumberTheory.BeurlingPrimes (2.0s)
✔ [7995/8000] Built FormalConjecturesForMathlib.LinearAlgebra.SpecialLinearGroup (2.9s)
✔ [7996/8002] Built FormalConjecturesForMathlib.NumberTheory.CoveringSystem (2.4s)
✔ [7997/8003] Built FormalConjecturesForMathlib.NumberTheory.Divisors (1.9s)
✔ [7998/8004] Built FormalConjecturesForMathlib.NumberTheory.DirichletCharacter.Basic (3.4s)
✔ [7999/8005] Built FormalConjecturesForMathlib.NumberTheory.Carmichael (6.4s)
✔ [8000/8006] Built FormalConjecturesForMathlib.Geometry.«2d» (9.3s)
✔ [8001/8007] Built FormalConjecturesForMathlib.NumberTheory.Lacunary (2.6s)
✔ [8002/8009] Built FormalConjecturesForMathlib.NumberTheory.LegendreSymbol.Basic (2.4s)
✔ [8003/8009] Built FormalConjecturesForMathlib.NumberTheory.NormalNumber (1.0s)
✔ [8004/8010] Built FormalConjecturesForMathlib.NumberTheory.NumberField.Quadratic (2.7s)
✔ [8005/8011] Built FormalConjecturesForMathlib.NumberTheory.PracticalNumbers (1.8s)
✔ [8006/8012] Built FormalConjecturesForMathlib.NumberTheory.PrimeGap (1.8s)
✔ [8007/8013] Built FormalConjecturesForMathlib.NumberTheory.PisotNumber (3.6s)
✔ [8008/8014] Built FormalConjecturesForMathlib.NumberTheory.Primitive (2.1s)
✔ [8009/8015] Built FormalConjecturesForMathlib.NumberTheory.SierpinskiNumber (1.6s)
✔ [8010/8016] Built FormalConjecturesForMathlib.Probability.FiniteMethod (1.9s)
✔ [8011/8017] Built FormalConjecturesForMathlib.SetTheory.Cardinal.Arithmetic (2.1s)
✔ [8012/8018] Built FormalConjecturesForMathlib.NumberTheory.WallSunSunPrimes (3.4s)
✔ [8013/8019] Built FormalConjecturesForMathlib.SetTheory.Cardinal.Continuum (1.0s)
✔ [8014/8020] Built FormalConjecturesForMathlib.SetTheory.Cardinal.SimpleGraph (1.8s)
✔ [8015/8021] Built FormalConjecturesForMathlib.Topology.AbsoluteNeighborhoodRetract (1.8s)
✔ [8016/8022] Built FormalConjecturesForMathlib.Topology.Discrete (1.7s)
✔ [8017/8034] Built FormalConjecturesForMathlib.Topology.GDelta (1.8s)
✔ [8028/8037] Built FormalConjecturesUtil.Answer.Syntax (365ms)
✔ [8029/8038] Built FormalConjecturesForMathlib.Topology.LebesgueCoveringDimension (1.8s)
✔ [8030/8041] Built FormalConjecturesForMathlib.Topology.Homogeneous (1.7s)
✔ [8032/8048] Built FormalConjecturesForMathlib.Topology.MetricSpace.MetricSeparated (1.0s)
✔ [8033/8048] Built FormalConjecturesUtil.Answer (1.2s)
✔ [8034/8048] Built FormalConjecturesForMathlib.Lean.Elab.InfoTree.Util (462ms)
✔ [8035/8048] Built FormalConjecturesUtil.Linters.CopyrightLinter (781ms)
✔ [8036/8048] Built FormalConjecturesUtil.Linters.ModuleDocstringLinter (1.2s)
✔ [8037/8048] Built FormalConjecturesUtil.Attributes.AMS (2.1s)
✔ [8038/8048] Built FormalConjecturesUtil.Linters.NamespaceLinter (896ms)
✔ [8039/8048] Built FormalConjecturesForMathlib.Tactic.Linter.Term (716ms)
✔ [8040/8048] Built FormalConjecturesUtil.Linters.ExistsImplicationLinter (727ms)
✔ [8041/8048] Built FormalConjecturesUtil.Attributes.Basic (2.3s)
✔ [8042/8048] Built FormalConjecturesForMathlib (5.2s)
✔ [8043/8048] Built FormalConjecturesUtil.Linters.AnswerLinter (1.8s)
✔ [8044/8048] Built FormalConjecturesUtil.Linters.CategoryDocstringLinter (1.8s)
✔ [8045/8048] Built FormalConjecturesUtil.Linters.CategoryLinter (1.0s)
✔ [8046/8048] Built FormalConjecturesUtil.Linters.AMSLinter (1.7s)
✔ [8047/8048] Built FormalConjecturesUtil (3.4s)
✔ [8048/8048] Built FormalConjectures.WrittenOnTheWallII.GraphConjecture146 (4.4s)
Build completed successfully (8048 jobs).
$ lake build FormalConjecturesForMathlib.WrittenOnTheWallII.GraphConjecture146.Audit
ℹ [8049/8049] Built FormalConjecturesForMathlib.WrittenOnTheWallII.GraphConjecture146.Audit (4.5s)
info: FormalConjecturesForMathlib/WrittenOnTheWallII/GraphConjecture146/Audit.lean:27:0: WrittenOnTheWallII.GraphConjecture146.conjecture146.{u_1} {α : Type u_1} [Fintype α] [DecidableEq α] [Nontrivial α]
  (G : SimpleGraph α) [DecidableRel G.Adj] (h : G.Connected)
  (hrad : 0 < WrittenOnTheWallII.GraphConjecture146.graphSquareRadius G) :
  2 * G.eccSet G.maxEccentricityVertices ≤
    G.largestInducedTreeSize * WrittenOnTheWallII.GraphConjecture146.graphSquareRadius G
info: FormalConjecturesForMathlib/WrittenOnTheWallII/GraphConjecture146/Audit.lean:28:0: WrittenOnTheWallII.GraphConjecture146.Proof.conjecture146.{u_1} {α : Type u_1} [Fintype α] [DecidableEq α]
  [Nontrivial α] (G : SimpleGraph α) [DecidableRel G.Adj] (h : G.Connected) (hrad : 0 < G.graphSquare.radius.toNat) :
  2 * G.eccSet G.maxEccentricityVertices ≤ G.largestInducedTreeSize * G.graphSquare.radius.toNat
info: FormalConjecturesForMathlib/WrittenOnTheWallII/GraphConjecture146/Audit.lean:29:0: 'WrittenOnTheWallII.GraphConjecture146.conjecture146' depends on axioms: [propext, Classical.choice, Quot.sound]
info: FormalConjecturesForMathlib/WrittenOnTheWallII/GraphConjecture146/Audit.lean:30:0: 'WrittenOnTheWallII.GraphConjecture146.Proof.conjecture146' depends on axioms: [propext, Classical.choice, Quot.sound]
info: FormalConjecturesForMathlib/WrittenOnTheWallII/GraphConjecture146/Audit.lean:31:0: 'WrittenOnTheWallII.GraphConjecture146.Proof.exceptional_case' depends on axioms: [propext,
 Classical.choice,
 Quot.sound]
info: FormalConjecturesForMathlib/WrittenOnTheWallII/GraphConjecture146/Audit.lean:32:0: 'WrittenOnTheWallII.GraphConjecture146.Proof.Regression.reg_exceptional' depends on axioms: [propext,
 Classical.choice,
 Quot.sound]
Build completed successfully (8049 jobs).
$ lake env lean -DwarningAsError=true FormalConjecturesForMathlib/WrittenOnTheWallII/GraphConjecture146/GraphConjecture146Proof.lean
$ lake env lean -DwarningAsError=true FormalConjecturesForMathlib/WrittenOnTheWallII/GraphConjecture146/Regression.lean
$ lake env lean -DwarningAsError=true FormalConjectures/WrittenOnTheWallII/GraphConjecture146.lean
$ lake env lean -DwarningAsError=true FormalConjecturesForMathlib/WrittenOnTheWallII/GraphConjecture146/Audit.lean
WrittenOnTheWallII.GraphConjecture146.conjecture146.{u_1} {α : Type u_1} [Fintype α] [DecidableEq α] [Nontrivial α]
  (G : SimpleGraph α) [DecidableRel G.Adj] (h : G.Connected)
  (hrad : 0 < WrittenOnTheWallII.GraphConjecture146.graphSquareRadius G) :
  2 * G.eccSet G.maxEccentricityVertices ≤
    G.largestInducedTreeSize * WrittenOnTheWallII.GraphConjecture146.graphSquareRadius G
WrittenOnTheWallII.GraphConjecture146.Proof.conjecture146.{u_1} {α : Type u_1} [Fintype α] [DecidableEq α]
  [Nontrivial α] (G : SimpleGraph α) [DecidableRel G.Adj] (h : G.Connected) (hrad : 0 < G.graphSquare.radius.toNat) :
  2 * G.eccSet G.maxEccentricityVertices ≤ G.largestInducedTreeSize * G.graphSquare.radius.toNat
'WrittenOnTheWallII.GraphConjecture146.conjecture146' depends on axioms: [propext, Classical.choice, Quot.sound]
'WrittenOnTheWallII.GraphConjecture146.Proof.conjecture146' depends on axioms: [propext, Classical.choice, Quot.sound]
'WrittenOnTheWallII.GraphConjecture146.Proof.exceptional_case' depends on axioms: [propext,
 Classical.choice,
 Quot.sound]
'WrittenOnTheWallII.GraphConjecture146.Proof.Regression.reg_exceptional' depends on axioms: [propext,
 Classical.choice,
 Quot.sound]
$ lake --wfail build
✔ [8048/8884] Built FormalConjecturesUtil.DeclName (1.4s)
✔ [8049/8884] Built FormalConjectures.GreensOpenProblems.«62» (6.9s)
✔ [8050/8884] Built FormalConjectures.GreensOpenProblems.«2» (7.1s)
✔ [8051/8884] Built FormalConjectures.GreensOpenProblems.«16» (7.2s)
✔ [8052/8884] Built FormalConjectures.GreensOpenProblems.«3» (6.6s)
✔ [8053/8884] Built FormalConjectures.GreensOpenProblems.«44» (7.3s)
✔ [8054/8884] Built FormalConjectures.GreensOpenProblems.«50» (7.4s)
✔ [8055/8884] Built FormalConjectures.GreensOpenProblems.«38» (14s)
✔ [8056/8884] Built FormalConjectures.GreensOpenProblems.«57» (7.2s)
✔ [8057/8884] Built FormalConjectures.GreensOpenProblems.«22» (6.8s)
✔ [8058/8884] Built FormalConjectures.GreensOpenProblems.«54» (6.9s)
✔ [8059/8884] Built FormalConjectures.GreensOpenProblems.«27» (7.2s)
✔ [8060/8884] Built FormalConjectures.GreensOpenProblems.«19» (6.0s)
✔ [8061/8884] Built FormalConjectures.GreensOpenProblems.«41» (7.1s)
✔ [8062/8884] Built FormalConjectures.GreensOpenProblems.«47» (6.8s)
✔ [8063/8884] Built FormalConjectures.GreensOpenProblems.«85» (6.7s)
✔ [8064/8884] Built FormalConjectures.GreensOpenProblems.«36» (6.0s)
✔ [8065/8884] Built FormalConjectures.GreensOpenProblems.«42» (7.5s)
✔ [8066/8884] Built FormalConjectures.GreensOpenProblems.«39» (20s)
✔ [8067/8884] Built FormalConjectures.GreensOpenProblems.«66» (6.7s)
✔ [8068/8884] Built FormalConjectures.GreensOpenProblems.«37» (6.9s)
✔ [8069/8884] Built FormalConjectures.GreensOpenProblems.«33» (6.9s)
✔ [8070/8884] Built FormalConjectures.GreensOpenProblems.«15» (6.8s)
✔ [8071/8884] Built FormalConjectures.GreensOpenProblems.«40» (8.1s)
✔ [8072/8884] Built FormalConjectures.GreensOpenProblems.«52» (7.6s)
✔ [8073/8884] Built FormalConjectures.GreensOpenProblems.«12» (6.9s)
✔ [8074/8884] Built FormalConjectures.GreensOpenProblems.«1» (6.7s)
✔ [8075/8884] Built FormalConjectures.GreensOpenProblems.«60» (6.7s)
✔ [8076/8884] Built FormalConjectures.GreensOpenProblems.«25» (6.0s)
✔ [8077/8884] Built FormalConjectures.GreensOpenProblems.«23» (6.7s)
✔ [8078/8884] Built FormalConjectures.GreensOpenProblems.«46» (6.9s)
✔ [8079/8884] Built FormalConjectures.GreensOpenProblems.«18» (7.0s)
✔ [8080/8884] Built FormalConjectures.GreensOpenProblems.«94» (6.8s)
✔ [8081/8884] Built FormalConjectures.GreensOpenProblems.«4» (7.4s)
✔ [8082/8884] Built FormalConjectures.GreensOpenProblems.«49» (7.1s)
✔ [8083/8884] Built FormalConjectures.GreensOpenProblems.«26» (7.1s)
✔ [8084/8884] Built FormalConjectures.GreensOpenProblems.«35» (7.2s)
✔ [8085/8884] Built FormalConjectures.GreensOpenProblems.«51» (7.2s)
✔ [8086/8884] Built FormalConjectures.Kourovka.«19_25» (6.6s)
✔ [8087/8884] Built FormalConjectures.Kourovka.«20_76» (6.9s)
✔ [8088/8884] Built FormalConjectures.LittProblems.«1» (8.0s)
✔ [8089/8884] Built FormalConjectures.HilbertProblems.«17» (10s)
✔ [8090/8884] Built FormalConjectures.OEIS.«281976» (7.1s)
✔ [8091/8884] Built FormalConjectures.OEIS.«239957» (7.0s)
✔ [8092/8884] Built FormalConjectures.OEIS.«306477» (6.8s)
✔ [8093/8884] Built FormalConjectures.OEIS.«358684» (8.8s)
✔ [8094/8884] Built FormalConjectures.OEIS.«81091» (6.9s)
✔ [8095/8884] Built FormalConjectures.OEIS.«357513» (8.5s)
✔ [8096/8884] Built FormalConjectures.OEIS.«317940» (6.0s)
✔ [8097/8884] Built FormalConjectures.OEIS.«34693» (7.0s)
✔ [8098/8884] Built FormalConjectures.OEIS.«87719» (8.1s)
✔ [8099/8884] Built FormalConjectures.OEIS.«287616» (6.7s)
✔ [8100/8884] Built FormalConjectures.ErdosProblems.«99» (6.9s)
✔ [8101/8884] Built FormalConjectures.ErdosProblems.«1148» (8.6s)
✔ [8102/8884] Built FormalConjectures.ErdosProblems.«226» (7.3s)
✔ [8103/8884] Built FormalConjectures.ErdosProblems.«939» (9.9s)
✔ [8104/8884] Built FormalConjectures.ErdosProblems.«276» (6.9s)
✔ [8105/8884] Built FormalConjectures.ErdosProblems.«786» (7.9s)
✔ [8106/8884] Built FormalConjectures.ErdosProblems.«128» (6.8s)
✔ [8107/8884] Built FormalConjectures.ErdosProblems.«987» (7.4s)
✔ [8108/8884] Built FormalConjectures.ErdosProblems.«592» (6.8s)
✔ [8109/8884] Built FormalConjectures.ErdosProblems.«348» (6.7s)
✔ [8110/8884] Built FormalConjectures.ErdosProblems.«700» (9.5s)
✔ [8111/8884] Built FormalConjectures.ErdosProblems.«172» (7.1s)
✔ [8112/8884] Built FormalConjectures.ErdosProblems.«189» (8.1s)
✔ [8113/8884] Built FormalConjectures.ErdosProblems.«243» (6.9s)
✔ [8114/8884] Built FormalConjectures.ErdosProblems.«16» (6.0s)
✔ [8115/8884] Built FormalConjectures.ErdosProblems.«264» (6.0s)
✔ [8116/8884] Built FormalConjectures.ErdosProblems.«242» (6.8s)
✔ [8117/8884] Built FormalConjectures.ErdosProblems.«564» (6.9s)
✔ [8118/8884] Built FormalConjectures.ErdosProblems.«904» (6.7s)
✔ [8119/8884] Built FormalConjectures.ErdosProblems.«7» (6.7s)
✔ [8120/8884] Built FormalConjectures.ErdosProblems.«845» (6.8s)
✔ [8121/8884] Built FormalConjectures.ErdosProblems.«421» (6.6s)
✔ [8122/8884] Built FormalConjectures.ErdosProblems.«38» (6.7s)
✔ [8123/8884] Built FormalConjectures.ErdosProblems.«659» (6.8s)
✔ [8124/8884] Built FormalConjectures.ErdosProblems.«688» (6.9s)
✔ [8125/8884] Built FormalConjectures.ErdosProblems.«221» (6.9s)
✔ [8126/8884] Built FormalConjectures.ErdosProblems.«373» (6.9s)
✔ [8127/8884] Built FormalConjectures.ErdosProblems.«212» (6.8s)
✔ [8128/8884] Built FormalConjectures.ErdosProblems.«91» (13s)
✔ [8129/8884] Built FormalConjectures.ErdosProblems.«1107» (6.9s)
✔ [8130/8884] Built FormalConjectures.ErdosProblems.«1082» (6.7s)
✔ [8131/8884] Built FormalConjectures.ErdosProblems.«1150» (6.9s)
✔ [8132/8884] Built FormalConjectures.ErdosProblems.«44» (13s)
✔ [8133/8884] Built FormalConjectures.ErdosProblems.«1125» (7.0s)
✔ [8134/8884] Built FormalConjectures.ErdosProblems.«1061» (7.8s)
✔ [8135/8884] Built FormalConjectures.ErdosProblems.«701» (7.4s)
✔ [8136/8884] Built FormalConjectures.ErdosProblems.«3» (7.1s)
✔ [8137/8884] Built FormalConjectures.ErdosProblems.«6» (6.8s)
✔ [8138/8884] Built FormalConjectures.ErdosProblems.«352» (7.2s)
✔ [8139/8884] Built FormalConjectures.ErdosProblems.«846» (6.9s)
✔ [8140/8884] Built FormalConjectures.ErdosProblems.«1105» (6.7s)
✔ [8141/8884] Built FormalConjectures.ErdosProblems.«193» (7.1s)
✔ [8142/8884] Built FormalConjectures.ErdosProblems.«428» (6.7s)
✔ [8143/8884] Built FormalConjectures.ErdosProblems.«938» (6.7s)
✔ [8144/8884] Built FormalConjectures.ErdosProblems.«109» (6.6s)
✔ [8145/8884] Built FormalConjectures.ErdosProblems.«229» (6.9s)
✔ [8146/8884] Built FormalConjectures.ErdosProblems.«936» (6.7s)
✔ [8147/8884] Built FormalConjectures.ErdosProblems.«448» (7.2s)
✔ [8148/8884] Built FormalConjectures.ErdosProblems.«975» (7.1s)
✔ [8149/8884] Built FormalConjectures.ErdosProblems.«1064» (6.7s)
✔ [8150/8884] Built FormalConjectures.ErdosProblems.«594» (6.9s)
✔ [8151/8884] Built FormalConjectures.ErdosProblems.«156» (6.9s)
✔ [8152/8884] Built FormalConjectures.ErdosProblems.«600» (6.9s)
✔ [8153/8884] Built FormalConjectures.ErdosProblems.«22» (7.3s)
✔ [8154/8884] Built FormalConjectures.ErdosProblems.«32» (7.0s)
✔ [8155/8884] Built FormalConjectures.ErdosProblems.«1080» (6.9s)
✔ [8156/8884] Built FormalConjectures.ErdosProblems.«43» (6.9s)
✔ [8157/8884] Built FormalConjectures.ErdosProblems.«501» (7.7s)
✔ [8158/8884] Built FormalConjectures.ErdosProblems.«424» (6.8s)
✔ [8159/8884] Built FormalConjectures.ErdosProblems.«82» (6.8s)
✔ [8160/8884] Built FormalConjectures.ErdosProblems.«850» (6.7s)
✔ [8161/8884] Built FormalConjectures.ErdosProblems.«677» (6.7s)
✔ [8162/8884] Built FormalConjectures.ErdosProblems.«1106» (6.7s)
✔ [8163/8884] Built FormalConjectures.ErdosProblems.«247» (6.9s)
✔ [8164/8884] Built FormalConjectures.ErdosProblems.«615» (7.9s)
✔ [8165/8884] Built FormalConjectures.ErdosProblems.«199» (6.8s)
✔ [8166/8884] Built FormalConjectures.ErdosProblems.«1056» (6.8s)
✔ [8167/8884] Built FormalConjectures.ErdosProblems.«319» (7.5s)
✔ [8168/8884] Built FormalConjectures.ErdosProblems.«418» (7.2s)
✔ [8169/8884] Built FormalConjectures.ErdosProblems.«218» (6.7s)
✔ [8170/8884] Built FormalConjectures.ErdosProblems.«1065» (12s)
✔ [8171/8884] Built FormalConjectures.ErdosProblems.«304» (9.1s)
✔ [8172/8884] Built FormalConjectures.ErdosProblems.«48» (6.6s)
✔ [8173/8884] Built FormalConjectures.ErdosProblems.«918» (7.2s)
✔ [8174/8884] Built FormalConjectures.ErdosProblems.«1139» (7.0s)
✔ [8175/8884] Built FormalConjectures.ErdosProblems.«273» (7.2s)
✔ [8176/8884] Built FormalConjectures.ErdosProblems.«267» (6.9s)
✔ [8177/8884] Built FormalConjectures.ErdosProblems.«729» (6.7s)
✔ [8178/8884] Built FormalConjectures.ErdosProblems.«251» (6.7s)
✔ [8179/8884] Built FormalConjectures.ErdosProblems.«330» (6.8s)
✔ [8180/8884] Built FormalConjectures.ErdosProblems.«499» (6.8s)
✔ [8181/8884] Built FormalConjectures.ErdosProblems.«624» (6.8s)
✔ [8182/8884] Built FormalConjectures.ErdosProblems.«253» (6.7s)
✔ [8183/8884] Built FormalConjectures.ErdosProblems.«366» (6.9s)
✔ [8184/8884] Built FormalConjectures.ErdosProblems.«299» (6.8s)
✔ [8185/8884] Built FormalConjectures.ErdosProblems.«567» (6.8s)
✔ [8186/8884] Built FormalConjectures.ErdosProblems.«757» (6.7s)
✔ [8187/8884] Built FormalConjectures.ErdosProblems.«1196» (6.0s)
✔ [8188/8884] Built FormalConjectures.ErdosProblems.«680» (6.7s)
✔ [8189/8884] Built FormalConjectures.ErdosProblems.«962» (6.0s)
✔ [8190/8884] Built FormalConjectures.ErdosProblems.«246» (6.8s)
✔ [8191/8884] Built FormalConjectures.ErdosProblems.«505» (6.8s)
✔ [8192/8884] Built FormalConjectures.ErdosProblems.«142» (6.7s)
✔ [8193/8884] Built FormalConjectures.ErdosProblems.«973» (6.9s)
✔ [8194/8884] Built FormalConjectures.ErdosProblems.«489» (7.0s)
✔ [8195/8884] Built FormalConjectures.ErdosProblems.«469» (6.7s)
✔ [8196/8884] Built FormalConjectures.ErdosProblems.«208» (6.8s)
✔ [8197/8884] Built FormalConjectures.ErdosProblems.«755» (6.9s)
✔ [8198/8884] Built FormalConjectures.ErdosProblems.«591» (6.7s)
✔ [8199/8884] Built FormalConjectures.ErdosProblems.«14» (6.8s)
✔ [8200/8884] Built FormalConjectures.ErdosProblems.«930» (6.8s)
✔ [8201/8884] Built FormalConjectures.ErdosProblems.«126» (6.0s)
✔ [8202/8884] Built FormalConjectures.ErdosProblems.«595» (7.3s)
✔ [8203/8884] Built FormalConjectures.ErdosProblems.«689» (6.7s)
✔ [8204/8884] Built FormalConjectures.ErdosProblems.«740» (6.7s)
✔ [8205/8884] Built FormalConjectures.ErdosProblems.«848» (6.8s)
✔ [8206/8884] Built FormalConjectures.ErdosProblems.«39» (6.6s)
✔ [8207/8884] Built FormalConjectures.ErdosProblems.«410» (6.8s)
✔ [8208/8884] Built FormalConjectures.ErdosProblems.«289» (6.8s)
✔ [8209/8884] Built FormalConjectures.ErdosProblems.«516» (7.2s)
✔ [8210/8884] Built FormalConjectures.ErdosProblems.«347» (6.9s)
✔ [8211/8884] Built FormalConjectures.ErdosProblems.«899» (6.7s)
✔ [8212/8884] Built FormalConjectures.ErdosProblems.«857» (6.8s)
✔ [8213/8884] Built FormalConjectures.ErdosProblems.«306» (6.0s)
✔ [8214/8884] Built FormalConjectures.ErdosProblems.«645» (6.5s)
✔ [8215/8884] Built FormalConjectures.ErdosProblems.«912» (6.9s)
✔ [8216/8884] Built FormalConjectures.ErdosProblems.«47» (6.7s)
✔ [8217/8884] Built FormalConjectures.ErdosProblems.«812» (7.1s)
✔ [8218/8884] Built FormalConjectures.ErdosProblems.«829» (8.1s)
✔ [8219/8884] Built FormalConjectures.ErdosProblems.«942» (6.9s)
✔ [8220/8884] Built FormalConjectures.ErdosProblems.«1203» (6.8s)
✔ [8221/8884] Built FormalConjectures.ErdosProblems.«321» (7.1s)
✔ [8222/8884] Built FormalConjectures.ErdosProblems.«897» (7.5s)
✔ [8223/8884] Built FormalConjectures.ErdosProblems.«707» (17s)
✔ [8224/8884] Built FormalConjectures.ErdosProblems.«400» (8.2s)
✔ [8225/8884] Built FormalConjectures.ErdosProblems.«158» (24s)
✔ [8226/8884] Built FormalConjectures.ErdosProblems.«1004» (7.3s)
✔ [8227/8884] Built FormalConjectures.ErdosProblems.«1126» (6.8s)
✔ [8228/8884] Built FormalConjectures.ErdosProblems.«97» (7.1s)
✔ [8229/8884] Built FormalConjectures.ErdosProblems.«454» (6.8s)
✔ [8230/8884] Built FormalConjectures.ErdosProblems.«655» (6.8s)
✔ [8231/8884] Built FormalConjectures.ErdosProblems.«540» (6.8s)
✔ [8232/8884] Built FormalConjectures.ErdosProblems.«476» (6.7s)
✔ [8233/8884] Built FormalConjectures.ErdosProblems.«853» (6.7s)
✔ [8234/8884] Built FormalConjectures.ErdosProblems.«509» (7.5s)
✔ [8235/8884] Built FormalConjectures.ErdosProblems.«85» (6.8s)
✔ [8236/8884] Built FormalConjectures.ErdosProblems.«341» (6.7s)
✔ [8237/8884] Built FormalConjectures.ErdosProblems.«266» (6.6s)
✔ [8238/8884] Built FormalConjectures.ErdosProblems.«971» (6.8s)
✔ [8239/8884] Built FormalConjectures.ErdosProblems.«705» (6.7s)
✔ [8240/8884] Built FormalConjectures.ErdosProblems.«723» (6.7s)
✔ [8241/8884] Built FormalConjectures.ErdosProblems.«386» (8.4s)
✔ [8242/8884] Built FormalConjectures.ErdosProblems.«257» (10s)
✔ [8243/8884] Built FormalConjectures.ErdosProblems.«11» (7.1s)
✔ [8244/8884] Built FormalConjectures.ErdosProblems.«419» (6.7s)
✔ [8245/8884] Built FormalConjectures.ErdosProblems.«727» (6.9s)
✔ [8246/8884] Built FormalConjectures.ErdosProblems.«619» (7.3s)
✔ [8247/8884] Built FormalConjectures.ErdosProblems.«923» (6.7s)
✔ [8248/8884] Built FormalConjectures.ErdosProblems.«389» (8.5s)
✔ [8249/8884] Built FormalConjectures.ErdosProblems.«296» (6.7s)
✔ [8250/8884] Built FormalConjectures.ErdosProblems.«587» (6.8s)
✔ [8251/8884] Built FormalConjectures.ErdosProblems.«342» (7.3s)
✔ [8252/8884] Built FormalConjectures.ErdosProblems.«750» (7.2s)
✔ [8253/8884] Built FormalConjectures.ErdosProblems.«463» (6.8s)
✔ [8254/8884] Built FormalConjectures.ErdosProblems.«536» (6.8s)
✔ [8255/8884] Built FormalConjectures.ErdosProblems.«997» (6.8s)
✔ [8256/8884] Built FormalConjectures.ErdosProblems.«354» (6.8s)
✔ [8257/8884] Built FormalConjectures.ErdosProblems.«13» (6.8s)
✔ [8258/8884] Built FormalConjectures.ErdosProblems.«325» (6.8s)
✔ [8259/8884] Built FormalConjectures.ErdosProblems.«248» (6.6s)
✔ [8260/8884] Built FormalConjectures.ErdosProblems.«66» (6.0s)
✔ [8261/8884] Built FormalConjectures.ErdosProblems.«949» (11s)
✔ [8262/8884] Built FormalConjectures.ErdosProblems.«730» (9.5s)
✔ [8263/8884] Built FormalConjectures.ErdosProblems.«160» (6.0s)
✔ [8264/8884] Built FormalConjectures.ErdosProblems.«138» (7.1s)
✔ [8265/8884] Built FormalConjectures.ErdosProblems.«33» (7.0s)
✔ [8266/8884] Built FormalConjectures.ErdosProblems.«946» (6.8s)
✔ [8267/8884] Built FormalConjectures.ErdosProblems.«331» (7.0s)
✔ [8268/8884] Built FormalConjectures.ErdosProblems.«881» (6.7s)
✔ [8269/8884] Built FormalConjectures.ErdosProblems.«100» (6.0s)
✔ [8270/8884] Built FormalConjectures.ErdosProblems.«1055» (6.9s)
✔ [8271/8884] Built FormalConjectures.ErdosProblems.«28» (6.6s)
✔ [8272/8884] Built FormalConjectures.ErdosProblems.«828» (6.9s)
✔ [8273/8884] Built FormalConjectures.ErdosProblems.«52» (6.6s)
✔ [8274/8884] Built FormalConjectures.ErdosProblems.«15» (6.7s)
✔ [8275/8884] Built FormalConjectures.ErdosProblems.«70» (7.4s)
✔ [8276/8884] Built FormalConjectures.ErdosProblems.«357» (7.3s)
✔ [8277/8884] Built FormalConjectures.ErdosProblems.«893» (6.9s)
✔ [8278/8884] Built FormalConjectures.ErdosProblems.«1084» (6.0s)
✔ [8279/8884] Built FormalConjectures.ErdosProblems.«31» (6.8s)
✔ [8280/8884] Built FormalConjectures.ErdosProblems.«859» (6.8s)
✔ [8281/8884] Built FormalConjectures.ErdosProblems.«397» (6.0s)
✔ [8282/8884] Built FormalConjectures.ErdosProblems.«323» (6.7s)
✔ [8283/8884] Built FormalConjectures.ErdosProblems.«346» (8.4s)
✔ [8284/8884] Built FormalConjectures.ErdosProblems.«139» (6.8s)
✔ [8285/8884] Built FormalConjectures.ErdosProblems.«851» (6.7s)
✔ [8286/8884] Built FormalConjectures.ErdosProblems.«1128» (7.9s)
✔ [8287/8884] Built FormalConjectures.ErdosProblems.«507» (7.4s)
✔ [8288/8884] Built FormalConjectures.ErdosProblems.«566» (6.0s)
✔ [8289/8884] Built FormalConjectures.ErdosProblems.«228» (6.8s)
✔ [8290/8884] Built FormalConjectures.ErdosProblems.«1057» (6.9s)
✔ [8291/8884] Built FormalConjectures.ErdosProblems.«34» (6.8s)
✔ [8292/8884] Built FormalConjectures.ErdosProblems.«396» (6.8s)
✔ [8293/8884] Built FormalConjectures.ErdosProblems.«849» (6.7s)
✔ [8294/8884] Built FormalConjectures.ErdosProblems.«445» (6.9s)
✔ [8295/8884] Built FormalConjectures.ErdosProblems.«940» (6.9s)
✔ [8296/8884] Built FormalConjectures.ErdosProblems.«434» (6.8s)
✔ [8297/8884] Built FormalConjectures.ErdosProblems.«155» (6.7s)
✔ [8298/8884] Built FormalConjectures.ErdosProblems.«937» (6.8s)
✔ [8299/8884] Built FormalConjectures.ErdosProblems.«239» (6.7s)
✔ [8300/8884] Built FormalConjectures.ErdosProblems.«379» (7.1s)
✔ [8301/8884] Built FormalConjectures.ErdosProblems.«742» (8.4s)
✔ [8302/8884] Built FormalConjectures.ErdosProblems.«283» (7.0s)
✔ [8303/8884] Built FormalConjectures.ErdosProblems.«124» (6.0s)
✔ [8304/8884] Built FormalConjectures.ErdosProblems.«1003» (6.9s)
✔ [8305/8884] Built FormalConjectures.ErdosProblems.«194» (6.6s)
✔ [8306/8884] Built FormalConjectures.ErdosProblems.«1192» (7.5s)
✔ [8307/8884] Built FormalConjectures.ErdosProblems.«413» (6.0s)
✔ [8308/8884] Built FormalConjectures.ErdosProblems.«613» (7.3s)
✔ [8309/8884] Built FormalConjectures.ErdosProblems.«1» (12s)
✔ [8310/8884] Built FormalConjectures.ErdosProblems.«455» (6.8s)
✔ [8311/8884] Built FormalConjectures.ErdosProblems.«1201» (6.7s)
✔ [8312/8884] Built FormalConjectures.ErdosProblems.«1071» (6.8s)
✔ [8313/8884] Built FormalConjectures.ErdosProblems.«427» (6.7s)
✔ [8314/8884] Built FormalConjectures.ErdosProblems.«486» (6.7s)
✔ [8315/8884] Built FormalConjectures.ErdosProblems.«1072» (6.8s)
✔ [8316/8884] Built FormalConjectures.ErdosProblems.«1176» (6.7s)
✔ [8317/8884] Built FormalConjectures.ErdosProblems.«522» (7.8s)
✔ [8318/8884] Built FormalConjectures.ErdosProblems.«234» (6.8s)
✔ [8319/8884] Built FormalConjectures.ErdosProblems.«250» (6.7s)
✔ [8320/8884] Built FormalConjectures.ErdosProblems.«406» (6.9s)
✔ [8321/8884] Built FormalConjectures.ErdosProblems.«868» (6.9s)
✔ [8322/8884] Built FormalConjectures.ErdosProblems.«249» (6.8s)
✔ [8323/8884] Built FormalConjectures.ErdosProblems.«371» (6.7s)
✔ [8324/8884] Built FormalConjectures.ErdosProblems.«359» (6.8s)
✔ [8325/8884] Built FormalConjectures.ErdosProblems.«318» (10s)
✔ [8326/8884] Built FormalConjectures.ErdosProblems.«932» (6.7s)
✔ [8327/8884] Built FormalConjectures.ErdosProblems.«351» (7.2s)
✔ [8328/8884] Built FormalConjectures.ErdosProblems.«75» (6.9s)
✔ [8329/8884] Built FormalConjectures.ErdosProblems.«219» (9.0s)
✔ [8330/8884] Built FormalConjectures.ErdosProblems.«134» (6.8s)
✔ [8331/8884] Built FormalConjectures.ErdosProblems.«213» (6.9s)
✔ [8332/8884] Built FormalConjectures.ErdosProblems.«143» (6.0s)
✔ [8333/8884] Built FormalConjectures.ErdosProblems.«871» (6.8s)
✔ [8334/8884] Built FormalConjectures.ErdosProblems.«90» (8.3s)
✔ [8335/8884] Built FormalConjectures.ErdosProblems.«153» (8.6s)
✔ [8336/8884] Built FormalConjectures.ErdosProblems.«387» (8.5s)
✔ [8337/8884] Built FormalConjectures.ErdosProblems.«885» (7.2s)
✔ [8338/8884] Built FormalConjectures.ErdosProblems.«541» (6.8s)
✔ [8339/8884] Built FormalConjectures.ErdosProblems.«1119» (7.1s)
✔ [8340/8884] Built FormalConjectures.ErdosProblems.«145» (6.0s)
✔ [8341/8884] Built FormalConjectures.ErdosProblems.«822» (6.7s)
✔ [8342/8884] Built FormalConjectures.ErdosProblems.«364» (7.4s)
✔ [8343/8884] Built FormalConjectures.ErdosProblems.«89» (7.1s)
✔ [8344/8884] Built FormalConjectures.ErdosProblems.«285» (6.9s)
✔ [8345/8884] Built FormalConjectures.ErdosProblems.«891» (7.1s)
✔ [8346/8884] Built FormalConjectures.ErdosProblems.«312» (6.7s)
✔ [8347/8884] Built FormalConjectures.ErdosProblems.«238» (6.8s)
✔ [8348/8884] Built FormalConjectures.ErdosProblems.«69» (6.7s)
✔ [8349/8884] Built FormalConjectures.ErdosProblems.«653» (6.8s)
✔ [8350/8884] Built FormalConjectures.ErdosProblems.«204» (6.6s)
✔ [8351/8884] Built FormalConjectures.ErdosProblems.«68» (7.4s)
✔ [8352/8884] Built FormalConjectures.ErdosProblems.«74» (7.3s)
✔ [8353/8884] Built FormalConjectures.ErdosProblems.«533» (7.3s)
✔ [8354/8884] Built FormalConjectures.ErdosProblems.«1060» (6.8s)
✔ [8355/8884] Built FormalConjectures.ErdosProblems.«383» (6.8s)
✔ [8356/8884] Built FormalConjectures.ErdosProblems.«244» (6.8s)
✔ [8357/8884] Built FormalConjectures.ErdosProblems.«979» (6.7s)
✔ [8358/8884] Built FormalConjectures.ErdosProblems.«363» (6.7s)
✔ [8359/8884] Built FormalConjectures.ErdosProblems.«236» (6.8s)
✔ [8360/8884] Built FormalConjectures.ErdosProblems.«477» (7.5s)
✔ [8361/8884] Built FormalConjectures.ErdosProblems.«1137» (6.9s)
✔ [8362/8884] Built FormalConjectures.ErdosProblems.«377» (6.8s)
✔ [8363/8884] Built FormalConjectures.ErdosProblems.«10» (6.9s)
✔ [8364/8884] Built FormalConjectures.ErdosProblems.«532» (6.7s)
✔ [8365/8884] Built FormalConjectures.ErdosProblems.«259» (6.8s)
✔ [8366/8884] Built FormalConjectures.ErdosProblems.«25» (6.7s)
✔ [8367/8884] Built FormalConjectures.ErdosProblems.«1085» (7.2s)
✔ [8368/8884] Built FormalConjectures.ErdosProblems.«488» (6.8s)
✔ [8369/8884] Built FormalConjectures.ErdosProblems.«376» (6.9s)
✔ [8370/8884] Built FormalConjectures.ErdosProblems.«245» (6.9s)
✔ [8371/8884] Built FormalConjectures.ErdosProblems.«493» (6.6s)
✔ [8372/8884] Built FormalConjectures.ErdosProblems.«741» (6.0s)
✔ [8373/8884] Built FormalConjectures.ErdosProblems.«281» (6.8s)
✔ [8374/8884] Built FormalConjectures.ErdosProblems.«154» (6.9s)
✔ [8375/8884] Built FormalConjectures.ErdosProblems.«422» (6.8s)
✔ [8376/8884] Built FormalConjectures.ErdosProblems.«417» (6.9s)
✔ [8377/8884] Built FormalConjectures.ErdosProblems.«945» (7.1s)
✔ [8378/8884] Built FormalConjectures.ErdosProblems.«519» (6.8s)
✔ [8379/8884] Built FormalConjectures.ErdosProblems.«826» (6.6s)
✔ [8380/8884] Built FormalConjectures.ErdosProblems.«480» (6.7s)
✔ [8381/8884] Built FormalConjectures.ErdosProblems.«1041» (6.0s)
✔ [8382/8884] Built FormalConjectures.ErdosProblems.«913» (10s)
✔ [8383/8884] Built FormalConjectures.ErdosProblems.«290» (6.8s)
✔ [8384/8884] Built FormalConjectures.ErdosProblems.«579» (7.0s)
✔ [8385/8884] Built FormalConjectures.ErdosProblems.«1062» (7.0s)
✔ [8386/8884] Built FormalConjectures.ErdosProblems.«520» (7.2s)
✔ [8387/8884] Built FormalConjectures.ErdosProblems.«168» (9.8s)
✔ [8388/8884] Built FormalConjectures.ErdosProblems.«749» (6.8s)
✔ [8389/8884] Built FormalConjectures.ErdosProblems.«598» (6.7s)
✔ [8390/8884] Built FormalConjectures.ErdosProblems.«825» (7.2s)
✔ [8391/8884] Built FormalConjectures.ErdosProblems.«326» (6.9s)
✔ [8392/8884] Built FormalConjectures.ErdosProblems.«1210» (6.8s)
✔ [8393/8884] Built FormalConjectures.ErdosProblems.«197» (6.9s)
✔ [8394/8884] Built FormalConjectures.ErdosProblems.«633» (8.0s)
✔ [8395/8884] Built FormalConjectures.ErdosProblems.«1104» (7.0s)
✔ [8396/8884] Built FormalConjectures.ErdosProblems.«779» (7.1s)
✔ [8397/8884] Built FormalConjectures.ErdosProblems.«1101» (7.2s)
✔ [8398/8884] Built FormalConjectures.ErdosProblems.«18» (13s)
✔ [8399/8884] Built FormalConjectures.ErdosProblems.«258» (6.0s)
✔ [8400/8884] Built FormalConjectures.ErdosProblems.«1108» (6.8s)
✔ [8401/8884] Built FormalConjectures.ErdosProblems.«184» (7.2s)
✔ [8402/8884] Built FormalConjectures.ErdosProblems.«774» (7.1s)
✔ [8403/8884] Built FormalConjectures.ErdosProblems.«602» (9.1s)
✔ [8404/8884] Built FormalConjectures.ErdosProblems.«943» (6.8s)
✔ [8405/8884] Built FormalConjectures.ErdosProblems.«593» (7.3s)
✔ [8406/8884] Built FormalConjectures.ErdosProblems.«599» (7.0s)
✔ [8407/8884] Built FormalConjectures.ErdosProblems.«101» (7.0s)
✔ [8408/8884] Built FormalConjectures.ErdosProblems.«254» (6.9s)
✔ [8409/8884] Built FormalConjectures.ErdosProblems.«699» (6.8s)
✔ [8410/8884] Built FormalConjectures.ErdosProblems.«280» (6.8s)
✔ [8411/8884] Built FormalConjectures.ErdosProblems.«1141» (7.6s)
✔ [8412/8884] Built FormalConjectures.ErdosProblems.«96» (7.4s)
✔ [8413/8884] Built FormalConjectures.ErdosProblems.«279» (7.0s)
✔ [8414/8884] Built FormalConjectures.ErdosProblems.«390» (6.7s)
✔ [8415/8884] Built FormalConjectures.ErdosProblems.«726» (6.9s)
✔ [8416/8884] Built FormalConjectures.ErdosProblems.«196» (6.8s)
✔ [8417/8884] Built FormalConjectures.ErdosProblems.«9» (7.2s)
✔ [8418/8884] Built FormalConjectures.ErdosProblems.«178» (6.7s)
✔ [8419/8884] Built FormalConjectures.ErdosProblems.«1094» (6.7s)
✔ [8420/8884] Built FormalConjectures.ErdosProblems.«4» (6.8s)
✔ [8421/8884] Built FormalConjectures.ErdosProblems.«108» (6.8s)
✔ [8422/8884] Built FormalConjectures.ErdosProblems.«1095» (6.9s)
✔ [8423/8884] Built FormalConjectures.ErdosProblems.«268» (6.8s)
✔ [8424/8884] Built FormalConjectures.ErdosProblems.«303» (6.8s)
✔ [8425/8884] Built FormalConjectures.ErdosProblems.«120» (6.8s)
✔ [8426/8884] Built FormalConjectures.ErdosProblems.«982» (6.7s)
✔ [8427/8884] Built FormalConjectures.ErdosProblems.«1043» (7.6s)
✔ [8428/8884] Built FormalConjectures.ErdosProblems.«1068» (6.6s)
✔ [8429/8884] Built FormalConjectures.ErdosProblems.«933» (6.0s)
✔ [8430/8884] Built FormalConjectures.ErdosProblems.«1073» (6.7s)
✔ [8431/8884] Built FormalConjectures.ErdosProblems.«277» (6.8s)
✔ [8432/8884] Built FormalConjectures.ErdosProblems.«119» (7.1s)
✔ [8433/8884] Built FormalConjectures.ErdosProblems.«1214» (6.7s)
✔ [8434/8884] Built FormalConjectures.ErdosProblems.«414» (6.7s)
✔ [8435/8884] Built FormalConjectures.ErdosProblems.«355» (6.7s)
✔ [8436/8884] Built FormalConjectures.ErdosProblems.«30» (6.8s)
✔ [8437/8884] Built FormalConjectures.ErdosProblems.«224» (6.8s)
✔ [8438/8884] Built FormalConjectures.ErdosProblems.«1051» (6.8s)
✔ [8439/8884] Built FormalConjectures.ErdosProblems.«510» (6.9s)
✔ [8440/8884] Built FormalConjectures.ErdosProblems.«728» (6.0s)
✔ [8441/8884] Built FormalConjectures.ErdosProblems.«456» (6.0s)
✔ [8442/8884] Built FormalConjectures.ErdosProblems.«1090» (6.8s)
✔ [8443/8884] Built FormalConjectures.ErdosProblems.«67» (6.8s)
✔ [8444/8884] Built FormalConjectures.ErdosProblems.«847» (6.8s)
✔ [8445/8884] Built FormalConjectures.ErdosProblems.«1175» (6.9s)
✔ [8446/8884] Built FormalConjectures.ErdosProblems.«872» (7.5s)
✔ [8447/8884] Built FormalConjectures.ErdosProblems.«1096» (6.8s)
✔ [8448/8884] Built FormalConjectures.ErdosProblems.«458» (6.8s)
✔ [8449/8884] Built FormalConjectures.ErdosProblems.«370» (6.7s)
✔ [8450/8884] Built FormalConjectures.ErdosProblems.«817» (6.8s)
✔ [8451/8884] Built FormalConjectures.ErdosProblems.«98» (6.7s)
✔ [8452/8884] Built FormalConjectures.ErdosProblems.«950» (6.0s)
✔ [8453/8884] Built FormalConjectures.ErdosProblems.«394» (6.0s)
✔ [8454/8884] Built FormalConjectures.ErdosProblems.«275» (6.8s)
✔ [8455/8884] Built FormalConjectures.ErdosProblems.«233» (6.9s)
✔ [8456/8884] Built FormalConjectures.ErdosProblems.«961» (7.2s)
✔ [8457/8884] Built FormalConjectures.ErdosProblems.«596» (6.9s)
✔ [8458/8884] Built FormalConjectures.ErdosProblems.«287» (7.2s)
✔ [8459/8884] Built FormalConjectures.ErdosProblems.«1077» (6.9s)
✔ [8460/8884] Built FormalConjectures.ErdosProblems.«944» (6.9s)
✔ [8461/8884] Built FormalConjectures.ErdosProblems.«1133» (6.9s)
✔ [8462/8884] Built FormalConjectures.ErdosProblems.«972» (6.7s)
✔ [8463/8884] Built FormalConjectures.ErdosProblems.«402» (6.9s)
✔ [8464/8884] Built FormalConjectures.ErdosProblems.«1102» (6.9s)
✔ [8465/8884] Built FormalConjectures.ErdosProblems.«562» (6.7s)
✔ [8466/8884] Built FormalConjectures.ErdosProblems.«459» (6.9s)
✔ [8467/8884] Built FormalConjectures.ErdosProblems.«821» (6.8s)
✔ [8468/8884] Built FormalConjectures.ErdosProblems.«1199» (7.0s)
✔ [8469/8884] Built FormalConjectures.ErdosProblems.«495» (7.3s)
✔ [8470/8884] Built FormalConjectures.ErdosProblems.«789» (7.2s)
✔ [8471/8884] Built FormalConjectures.ErdosProblems.«316» (21s)
✔ [8472/8884] Built FormalConjectures.ErdosProblems.«416» (7.3s)
✔ [8473/8884] Built FormalConjectures.ErdosProblems.«623» (7.1s)
✔ [8474/8884] Built FormalConjectures.ErdosProblems.«1167» (7.8s)
✔ [8475/8884] Built FormalConjectures.ErdosProblems.«195» (6.7s)
✔ [8476/8884] Built FormalConjectures.ErdosProblems.«298» (6.9s)
✔ [8477/8884] Built FormalConjectures.ErdosProblems.«152» (6.7s)
✔ [8478/8884] Built FormalConjectures.ErdosProblems.«64» (6.8s)
✔ [8479/8884] Built FormalConjectures.ErdosProblems.«1146» (6.6s)
✔ [8480/8884] Built FormalConjectures.ErdosProblems.«1059» (16s)
✔ [8481/8884] Built FormalConjectures.ErdosProblems.«1212» (7.7s)
✔ [8482/8884] Built FormalConjectures.ErdosProblems.«1209» (6.0s)
✔ [8483/8884] Built FormalConjectures.ErdosProblems.«203» (7.2s)
✔ [8484/8884] Built FormalConjectures.ErdosProblems.«453» (6.9s)
✔ [8485/8884] Built FormalConjectures.ErdosProblems.«978» (7.3s)
✔ [8486/8884] Built FormalConjectures.ErdosProblems.«906» (6.9s)
✔ [8487/8884] Built FormalConjectures.ErdosProblems.«681» (6.8s)
✔ [8488/8884] Built FormalConjectures.ErdosProblems.«51» (6.7s)
✔ [8489/8884] Built FormalConjectures.ErdosProblems.«873» (6.8s)
✔ [8490/8884] Built FormalConjectures.ErdosProblems.«1138» (6.8s)
✔ [8491/8884] Built FormalConjectures.ErdosProblems.«241» (7.2s)
✔ [8492/8884] Built FormalConjectures.ErdosProblems.«672» (7.0s)
✔ [8493/8884] Built FormalConjectures.ErdosProblems.«291» (7.2s)
✔ [8494/8884] Built FormalConjectures.ErdosProblems.«361» (6.9s)
✔ [8495/8884] Built FormalConjectures.ErdosProblems.«889» (7.1s)
✔ [8496/8884] Built FormalConjectures.ErdosProblems.«1049» (10s)
✔ [8497/8884] Built FormalConjectures.ErdosProblems.«412» (6.9s)
✔ [8498/8884] Built FormalConjectures.Wikipedia.TwinPrimes (6.6s)
✔ [8499/8884] Built FormalConjectures.Wikipedia.BingBorsuk (6.7s)
✔ [8500/8884] Built FormalConjectures.Wikipedia.CernyConjecture (6.8s)
✔ [8501/8884] Built FormalConjectures.Wikipedia.MagicSquares (6.7s)
✔ [8502/8884] Built FormalConjectures.ErdosProblems.«20» (9.5s)
✔ [8503/8884] Built FormalConjectures.ErdosProblems.«470» (14s)
✔ [8504/8884] Built FormalConjectures.Wikipedia.NormalityOfPi (7.2s)
✔ [8505/8884] Built FormalConjectures.Wikipedia.Conway99Graph (22s)
✔ [8506/8884] Built FormalConjectures.Wikipedia.SidorenkoConjecture (20s)
✔ [8507/8884] Built FormalConjectures.Wikipedia.WoodalPrimes (6.6s)
✔ [8508/8884] Built FormalConjectures.Wikipedia.EulerSumOfPowers (7.2s)
✔ [8509/8884] Built FormalConjectures.Wikipedia.Mersenne (13s)
✔ [8510/8884] Built FormalConjectures.Wikipedia.BetrothedNumbers (7.4s)
✔ [8511/8884] Built FormalConjectures.Wikipedia.PebblingNumberConjecture (16s)
✔ [8512/8884] Built FormalConjectures.Wikipedia.FeitThompsonPrimeConjecture (6.9s)
✔ [8513/8884] Built FormalConjectures.Wikipedia.MeanValueProblem (7.0s)
✔ [8514/8884] Built FormalConjectures.Wikipedia.Dickson (7.1s)
✔ [8515/8884] Built FormalConjectures.Wikipedia.BatemanHornConjecture (6.0s)
✔ [8516/8884] Built FormalConjectures.Wikipedia.KomlosConjecture (6.0s)
✔ [8517/8884] Built FormalConjectures.Wikipedia.BoundedBurnsideProblem (6.7s)
✔ [8518/8884] Built FormalConjectures.Wikipedia.GracefulLabeling (7.1s)
✔ [8519/8884] Built FormalConjectures.Wikipedia.Bunyakovsky (6.8s)
✔ [8520/8884] Built FormalConjectures.Wikipedia.Agrawal (7.2s)
✔ [8521/8884] Built FormalConjectures.Wikipedia.RationalDistanceProblem (6.9s)
✔ [8522/8884] Built FormalConjectures.Wikipedia.MovingSofa (10s)
✔ [8523/8884] Built FormalConjectures.Wikipedia.SixStandardDeviations (7.0s)
✔ [8524/8884] Built FormalConjectures.Wikipedia.ScholzConjecture (6.0s)
✔ [8525/8884] Built FormalConjectures.Wikipedia.BrocardConjecture (7.2s)
✔ [8526/8884] Built FormalConjectures.Wikipedia.LehmerTotient (6.8s)
✔ [8527/8884] Built FormalConjectures.Wikipedia.WallSunSun (8.4s)
✔ [8528/8884] Built FormalConjectures.ErdosProblems.«107» (12s)
✔ [8529/8884] Built FormalConjectures.Wikipedia.BeckFialaConjecture (6.9s)
✔ [8530/8884] Built FormalConjectures.Wikipedia.SierpinskiNumber (22s)
✔ [8531/8884] Built FormalConjectures.Wikipedia.KummerVandiver (6.8s)
✔ [8532/8884] Built FormalConjectures.Wikipedia.CarmichaelTotient (7.2s)
✔ [8533/8884] Built FormalConjectures.Wikipedia.DedekindNumber (26s)
✔ [8534/8884] Built FormalConjectures.Wikipedia.PierceBirkhoff (7.4s)
✔ [8535/8884] Built FormalConjectures.Wikipedia.Oppermann (27s)
✔ [8536/8884] Built FormalConjectures.ErdosProblems.«170» (7.2s)
✔ [8537/8884] Built FormalConjectures.Wikipedia.PerfectNumbers (6.8s)
✔ [8538/8884] Built FormalConjectures.Wikipedia.Kakeya (7.4s)
✔ [8539/8884] Built FormalConjectures.Wikipedia.Mills (6.0s)
✔ [8540/8884] Built FormalConjectures.Wikipedia.PollocksConjecture (7.0s)
✔ [8541/8884] Built FormalConjectures.Wikipedia.Sendov (6.8s)
✔ [8542/8884] Built FormalConjectures.Wikipedia.PrimesAndPerfectSquares (6.7s)
✔ [8543/8884] Built FormalConjectures.Wikipedia.QuasiperfectNumbers (6.7s)
✔ [8544/8884] Built FormalConjectures.Wikipedia.ABC (6.0s)
✔ [8545/8884] Built FormalConjectures.Wikipedia.BalancedPrimes (6.7s)
✔ [8546/8884] Built FormalConjectures.Wikipedia.SquarePacking (7.1s)
✔ [8547/8884] Built FormalConjectures.Wikipedia.CollatzConjecture (6.7s)
✔ [8548/8884] Built FormalConjectures.Wikipedia.Singmaster (6.8s)
✔ [8549/8884] Built FormalConjectures.Wikipedia.Lemoine (6.7s)
✔ [8550/8884] Built FormalConjectures.Wikipedia.Andrica (6.0s)
✔ [8551/8884] Built FormalConjectures.ErdosProblems.«274» (7.3s)
✔ [8552/8884] Built FormalConjectures.Wikipedia.SolitaryNumber (6.6s)
✔ [8553/8884] Built FormalConjectures.Wikipedia.Brennanconjecture (6.6s)
✔ [8554/8884] Built FormalConjectures.Wikipedia.InscribedSquare (6.0s)
✔ [8555/8884] Built FormalConjectures.Wikipedia.LanderParkinAndSelfridgeConjecture (6.5s)
✔ [8556/8884] Built FormalConjectures.Wikipedia.IdonealCompleteness (28s)
✔ [8557/8884] Built FormalConjectures.Wikipedia.SurjunctiveGroup (6.8s)
✔ [8558/8884] Built FormalConjectures.Wikipedia.SteinerSystem (29s)
✔ [8559/8884] Built FormalConjectures.Wikipedia.Exponentials (6.8s)
✔ [8560/8884] Built FormalConjectures.Wikipedia.InvariantSubspaceProblem (9.2s)
✔ [8561/8884] Built FormalConjectures.Wikipedia.NoetherProblem (8.8s)
✔ [8562/8884] Built FormalConjectures.Wikipedia.GapConjecture (6.0s)
✔ [8563/8884] Built FormalConjectures.Wikipedia.Firoozbakht (6.7s)
✔ [8564/8884] Built FormalConjectures.Wikipedia.HardyLittlewood (7.1s)
✔ [8565/8884] Built FormalConjectures.Wikipedia.FibonacciPrimes (7.0s)
✔ [8566/8884] Built FormalConjectures.Wikipedia.GaussCircleProblem (7.1s)
✔ [8567/8884] Built FormalConjectures.Wikipedia.FermatCatalanConjecture (6.7s)
✔ [8568/8884] Built FormalConjectures.Wikipedia.LonelyRunnerConjecture (6.9s)
✔ [8569/8884] Built FormalConjectures.Wikipedia.RegularPrimes (6.7s)
✔ [8570/8884] Built FormalConjectures.Wikipedia.DeterminantalConjecture (7.1s)
✔ [8571/8884] Built FormalConjectures.Wikipedia.GromovPolynomialGrowth (7.1s)
✔ [8572/8884] Built FormalConjectures.Wikipedia.GoldbachConjecture (6.6s)
✔ [8573/8884] Built FormalConjectures.Wikipedia.Schanuel (6.9s)
✔ [8574/8884] Built FormalConjectures.Wikipedia.WolstenholmePrime (15s)
✔ [8575/8884] Built FormalConjectures.Wikipedia.LehmerMahlerMeasureProblem (7.3s)
✔ [8576/8884] Built FormalConjectures.Wikipedia.Euclid (6.9s)
✔ [8577/8884] Built FormalConjectures.HilbertProblems.«5» (8.3s)
✔ [8578/8884] Built FormalConjectures.Wikipedia.ElliottHalberstamConjecture (6.0s)
✔ [8579/8884] Built FormalConjectures.Wikipedia.SnakeInTheBox (7.6s)
✔ [8580/8884] Built FormalConjectures.Wikipedia.Toronto (6.8s)
✔ [8581/8884] Built FormalConjectures.Wikipedia.JugglerConjecture (6.6s)
✔ [8582/8884] Built FormalConjectures.Wikipedia.JacobianConjecture (7.4s)
✔ [8583/8884] Built FormalConjectures.Wikipedia.Bloch (13s)
✔ [8584/8884] Built FormalConjectures.Wikipedia.VaughtConjecture (6.6s)
✔ [8585/8884] Built FormalConjectures.Wikipedia.conjecture_1_3_to_2_3 (6.9s)
✔ [8586/8884] Built FormalConjectures.Wikipedia.Catalan (7.1s)
✔ [8587/8884] Built FormalConjectures.ErdosProblems.«508» (8.1s)
✔ [8588/8884] Built FormalConjectures.Wikipedia.Hall (8.3s)
✔ [8589/8884] Built FormalConjectures.Wikipedia.Schinzel (6.6s)
✔ [8590/8884] Built FormalConjectures.Wikipedia.Taxicab (18s)
✔ [8591/8884] Built FormalConjectures.Wikipedia.FlintCooksonHills (7.0s)
✔ [8592/8884] Built FormalConjectures.Wikipedia.AlmostPerfectNumbers (6.5s)
✔ [8593/8884] Built FormalConjectures.Wikipedia.Fermat (7.3s)
✔ [8594/8884] Built FormalConjectures.Wikipedia.ModularityConjecture (7.5s)
✔ [8595/8884] Built FormalConjectures.Wikipedia.LeinsterGroup (6.0s)
✔ [8596/8884] Built FormalConjectures.GreensOpenProblems.«72» (7.1s)
✔ [8597/8884] Built FormalConjectures.Wikipedia.LegendreConjecture (6.8s)
✔ [8598/8884] Built FormalConjectures.Wikipedia.Fuglede (6.8s)
✔ [8599/8884] Built FormalConjectures.WrittenOnTheWallII.GraphConjecture61 (6.8s)
✔ [8600/8884] Built FormalConjectures.WrittenOnTheWallII.GraphConjecture1 (6.7s)
✔ [8601/8884] Built FormalConjectures.Wikipedia.MoserWorm (9.1s)
✔ [8602/8884] Built FormalConjectures.WrittenOnTheWallII.GraphConjecture322 (6.8s)
✔ [8603/8884] Built FormalConjectures.WrittenOnTheWallII.GraphConjecture19 (6.9s)
✔ [8604/8884] Built FormalConjectures.WrittenOnTheWallII.GraphConjecture101 (6.8s)
✔ [8605/8884] Built FormalConjectures.WrittenOnTheWallII.GraphConjecture3 (6.9s)
✔ [8606/8884] Built FormalConjectures.WrittenOnTheWallII.GraphConjecture23 (6.8s)
✔ [8607/8884] Built FormalConjectures.WrittenOnTheWallII.GraphConjecture145 (7.0s)
✔ [8608/8884] Built FormalConjectures.WrittenOnTheWallII.GraphConjecture103 (6.6s)
✔ [8609/8884] Built FormalConjectures.WrittenOnTheWallII.GraphConjecture315 (7.2s)
✔ [8610/8884] Built FormalConjectures.WrittenOnTheWallII.GraphConjecture6 (6.6s)
✔ [8611/8884] Built FormalConjectures.WrittenOnTheWallII.GraphConjecture4 (6.9s)
✔ [8612/8884] Built FormalConjectures.WrittenOnTheWallII.GraphConjecture133 (6.8s)
✔ [8613/8884] Built FormalConjectures.WrittenOnTheWallII.GraphConjecture20 (6.9s)
✔ [8614/8884] Built FormalConjectures.WrittenOnTheWallII.GraphConjecture200 (6.8s)
✔ [8615/8884] Built FormalConjectures.WrittenOnTheWallII.GraphConjecture58 (6.8s)
✔ [8616/8884] Built FormalConjectures.WrittenOnTheWallII.GraphConjecture32 (6.9s)
✔ [8617/8884] Built FormalConjectures.WrittenOnTheWallII.GraphConjecture65 (6.7s)
✔ [8618/8884] Built FormalConjectures.WrittenOnTheWallII.GraphConjecture217 (6.7s)
✔ [8619/8884] Built FormalConjectures.WrittenOnTheWallII.GraphConjecture109 (6.8s)
✔ [8620/8884] Built FormalConjectures.WrittenOnTheWallII.GraphConjecture7 (6.7s)
✔ [8621/8884] Built FormalConjectures.WrittenOnTheWallII.GraphConjecture291 (7.0s)
✔ [8622/8884] Built FormalConjectures.WrittenOnTheWallII.GraphConjecture40 (6.6s)
✔ [8623/8884] Built FormalConjectures.WrittenOnTheWallII.GraphConjecture198a (6.9s)
✔ [8624/8884] Built FormalConjectures.WrittenOnTheWallII.GraphConjecture142 (6.7s)
✔ [8625/8884] Built FormalConjectures.WrittenOnTheWallII.GraphConjecture5 (6.7s)
✔ [8626/8884] Built FormalConjectures.WrittenOnTheWallII.GraphConjecture143 (6.9s)
✔ [8627/8884] Built FormalConjectures.WrittenOnTheWallII.GraphConjecture31 (6.9s)
✔ [8628/8884] Built FormalConjectures.WrittenOnTheWallII.GraphConjecture59 (6.0s)
✔ [8629/8884] Built FormalConjectures.WrittenOnTheWallII.GraphConjecture18 (7.1s)
✔ [8630/8884] Built FormalConjectures.WrittenOnTheWallII.GraphConjecture36 (6.0s)
✔ [8631/8884] Built FormalConjectures.WrittenOnTheWallII.GraphConjecture144 (6.9s)
✔ [8632/8884] Built FormalConjectures.WrittenOnTheWallII.GraphConjecture314 (7.3s)
✔ [8633/8884] Built FormalConjectures.WrittenOnTheWallII.GraphConjecture160 (7.3s)
✔ [8634/8884] Built FormalConjectures.WrittenOnTheWallII.GraphConjecture194 (7.3s)
✔ [8635/8884] Built FormalConjectures.WrittenOnTheWallII.GraphConjecture34 (7.1s)
✔ [8636/8884] Built FormalConjectures.WrittenOnTheWallII.GraphConjecture141 (6.8s)
✔ [8637/8884] Built FormalConjectures.WrittenOnTheWallII.GraphConjecture17 (6.0s)
✔ [8638/8884] Built FormalConjectures.WrittenOnTheWallII.GraphConjecture2 (6.9s)
✔ [8639/8884] Built FormalConjectures.WrittenOnTheWallII.GraphConjecture146 (6.9s)
✔ [8640/8884] Built FormalConjectures.WrittenOnTheWallII.GraphConjecture100 (6.7s)
✔ [8641/8884] Built FormalConjectures.WrittenOnTheWallII.GraphConjecture33 (6.9s)
✔ [8642/8884] Built FormalConjectures.WrittenOnTheWallII.GraphConjecture16 (7.4s)
✔ [8643/8884] Built FormalConjectures.WrittenOnTheWallII.GraphConjecture13 (7.1s)
✔ [8644/8884] Built FormalConjectures.Wikipedia.RamanujanTau (8.0s)
✔ [8645/8884] Built FormalConjectures.Wikipedia.Mahler32 (6.9s)
✔ [8646/8884] Built FormalConjectures.Wikipedia.Kaplansky (8.9s)
✔ [8647/8884] Built FormalConjectures.Wikipedia.InverseGalois (7.2s)
✔ [8648/8884] Built FormalConjectures.Wikipedia.Hadamard (10s)
✔ [8649/8884] Built FormalConjectures.Wikipedia.BusyBeaver (8.8s)
✔ [8650/8884] Built FormalConjectures.Wikipedia.CongruentNumber (9.4s)
✔ [8651/8884] Built FormalConjectures.Wikipedia.BealConjecture (8.8s)
✔ [8652/8884] Built FormalConjectures.OEIS.«6697» (9.1s)
✔ [8653/8884] Built FormalConjectures.OEIS.«280831» (7.3s)
✔ [8654/8884] Built FormalConjectures.OEIS.«56777» (16s)
✔ [8655/8884] Built FormalConjectures.OEIS.«232174» (8.1s)
✔ [8656/8884] Built FormalConjectures.Wikipedia.AgohGiuga (28s)
✔ [8657/8884] Built FormalConjectures.WrittenOnTheWallII.Test (60s)
✔ [8658/8884] Built FormalConjectures.OEIS.«231201» (7.3s)
✔ [8659/8884] Built FormalConjectures.OEIS.«228828» (7.4s)
✔ [8660/8884] Built FormalConjectures.GreensOpenProblems.«29» (6.9s)
✔ [8661/8884] Built FormalConjectures.GreensOpenProblems.«32» (7.0s)
✔ [8662/8884] Built FormalConjectures.ErdosProblems.«985» (6.8s)
✔ [8663/8884] Built FormalConjectures.ErdosProblems.«968» (6.0s)
✔ [8664/8884] Built FormalConjectures.ErdosProblems.«965» (6.7s)
✔ [8665/8884] Built FormalConjectures.ErdosProblems.«951» (7.9s)
✔ [8666/8884] Built FormalConjectures.ErdosProblems.«920» (7.1s)
✔ [8667/8884] Built FormalConjectures.ErdosProblems.«886» (6.9s)
✔ [8668/8884] Built FormalConjectures.ErdosProblems.«865» (7.0s)
✔ [8669/8884] Built FormalConjectures.ErdosProblems.«697» (6.9s)
✔ [8670/8884] Built FormalConjectures.ErdosProblems.«678» (7.0s)
✔ [8671/8884] Built FormalConjectures.ErdosProblems.«617» (7.1s)
✔ [8672/8884] Built FormalConjectures.ErdosProblems.«686» (13s)
✔ [8673/8884] Built FormalConjectures.ErdosProblems.«590» (6.8s)
✔ [8674/8884] Built FormalConjectures.ErdosProblems.«513» (6.8s)
✔ [8675/8884] Built FormalConjectures.ErdosProblems.«56» (9.3s)
✔ [8676/8884] Built FormalConjectures.ErdosProblems.«50» (6.0s)
✔ [8677/8884] Built FormalConjectures.ErdosProblems.«503» (6.8s)
✔ [8678/8884] Built FormalConjectures.ErdosProblems.«835» (29s)
✔ [8679/8884] Built FormalConjectures.ErdosProblems.«494» (6.9s)
✔ [8680/8884] Built FormalConjectures.ErdosProblems.«457» (7.3s)
✔ [8681/8884] Built FormalConjectures.ErdosProblems.«442» (7.3s)
✔ [8682/8884] Built FormalConjectures.ErdosProblems.«41» (7.0s)
✔ [8683/8884] Built FormalConjectures.ErdosProblems.«42» (8.7s)
✔ [8684/8884] Built FormalConjectures.ErdosProblems.«399» (6.0s)
✔ [8685/8884] Built FormalConjectures.ErdosProblems.«392» (6.9s)
✔ [8686/8884] Built FormalConjectures.ErdosProblems.«349» (7.2s)
✔ [8687/8884] Built FormalConjectures.ErdosProblems.«350» (8.5s)
✔ [8688/8884] Built FormalConjectures.ErdosProblems.«317» (7.9s)
✔ [8689/8884] Built FormalConjectures.ErdosProblems.«295» (7.2s)
✔ [8690/8884] Built FormalConjectures.ErdosProblems.«263» (6.0s)
✔ [8691/8884] Built FormalConjectures.ErdosProblems.«26» (7.8s)
✔ [8692/8884] Built FormalConjectures.ErdosProblems.«198» (6.0s)
✔ [8693/8884] Built FormalConjectures.ErdosProblems.«1067» (7.2s)
✔ [8694/8884] Built FormalConjectures.ErdosProblems.«141» (8.8s)
✔ [8695/8884] Built FormalConjectures.ErdosProblems.«1142» (8.0s)
✔ [8696/8884] Built FormalConjectures.ErdosProblems.«1063» (7.2s)
✔ [8697/8884] Built FormalConjectures.ErdosProblems.«1052» (6.9s)
✔ [8698/8884] Built FormalConjectures.ErdosProblems.«1054» (8.4s)
✔ [8699/8884] Built FormalConjectures.WrittenOnTheWallII.GraphConjecture327 (6.8s)
✔ [8700/8884] Built FormalConjectures.ErdosProblems.«1038» (7.1s)
✔ [8701/8884] Built FormalConjectures.WrittenOnTheWallII.GraphConjecture316 (6.8s)
✔ [8702/8884] Built FormalConjectures.Wikipedia.Superperfectnumbers (6.6s)
✔ [8703/8884] Built FormalConjectures.Wikipedia.Transcendental (7.7s)
✔ [8704/8884] Built FormalConjectures.Wikipedia.UnionClosed (8.0s)
✔ [8705/8884] Built FormalConjectures.ErdosProblems.«17» (36s)
✔ [8706/8884] Built FormalConjectures.Wikipedia.Selfridge (7.2s)
✔ [8707/8884] Built FormalConjectures.Wikipedia.RiemannZetaValues (6.0s)
✔ [8708/8884] Built FormalConjectures.Wikipedia.RamseyNumbers (7.3s)
✔ [8709/8884] Built FormalConjectures.Wikipedia.SumOfThreeCubes (15s)
✔ [8710/8884] Built FormalConjectures.Wikipedia.Pell (8.6s)
✔ [8711/8884] Built FormalConjectures.Wikipedia.LychrelNumbers (6.8s)
✔ [8712/8884] Built FormalConjectures.Wikipedia.Mandelbrot (12s)
✔ [8713/8884] Built FormalConjectures.Wikipedia.LittlewoodConjecture (6.0s)
✔ [8714/8884] Built FormalConjectures.Wikipedia.Koethe (7.4s)
✔ [8715/8884] Built FormalConjectures.Wikipedia.Irrational (7.2s)
✔ [8716/8884] Built FormalConjectures.Wikipedia.Grimm (6.8s)
✔ [8717/8884] Built FormalConjectures.Wikipedia.Gilbreath (6.7s)
✔ [8718/8884] Built FormalConjectures.Wikipedia.EllipticCurveRank (8.9s)
✔ [8719/8884] Built FormalConjectures.Wikipedia.ClassNumberProblem (7.1s)
✔ [8720/8884] Built FormalConjectures.Wikipedia.DiameterSimpleFiniteGroups (9.0s)
✔ [8721/8884] Built FormalConjectures.Wikipedia.EulerBrick (15s)
✔ [8722/8884] Built FormalConjectures.Wikipedia.Buchi (7.4s)
✔ [8723/8884] Built FormalConjectures.OEIS.«80170» (6.8s)
✔ [8724/8884] Built FormalConjectures.OEIS.«67720» (7.2s)
✔ [8725/8884] Built FormalConjectures.OEIS.«41» (6.9s)
✔ [8726/8884] Built FormalConjectures.OEIS.«308734» (6.0s)
✔ [8727/8884] Built FormalConjectures.OEIS.«303656» (7.1s)
✔ [8728/8884] Built FormalConjectures.OEIS.«63880» (14s)
✔ [8729/8884] Built FormalConjectures.GreensOpenProblems.«9» (7.2s)
✔ [8730/8884] Built FormalConjectures.GreensOpenProblems.«61» (6.7s)
✔ [8731/8884] Built FormalConjectures.GreensOpenProblems.«58» (6.7s)
✔ [8732/8884] Built FormalConjectures.GreensOpenProblems.«31» (7.2s)
✔ [8733/8884] Built FormalConjectures.GreensOpenProblems.«24» (6.0s)
✔ [8734/8884] Built FormalConjectures.GreensOpenProblems.«14» (7.9s)
✔ [8735/8884] Built FormalConjectures.ErdosProblems.«996» (7.0s)
✔ [8736/8884] Built FormalConjectures.ErdosProblems.«952» (6.8s)
✔ [8737/8884] Built FormalConjectures.ErdosProblems.«931» (8.6s)
✔ [8738/8884] Built FormalConjectures.ErdosProblems.«92» (6.0s)
✔ [8739/8884] Built FormalConjectures.ErdosProblems.«890» (7.1s)
✔ [8740/8884] Built FormalConjectures.ErdosProblems.«888» (7.1s)
✔ [8741/8884] Built FormalConjectures.ErdosProblems.«887» (6.8s)
✔ [8742/8884] Built FormalConjectures.ErdosProblems.«830» (7.0s)
✔ [8743/8884] Built FormalConjectures.ErdosProblems.«770» (6.9s)
✔ [8744/8884] Built FormalConjectures.ErdosProblems.«695» (6.8s)
✔ [8745/8884] Built FormalConjectures.ErdosProblems.«694» (6.9s)
✔ [8746/8884] Built FormalConjectures.ErdosProblems.«61» (6.8s)
✔ [8747/8884] Built FormalConjectures.ErdosProblems.«647» (7.2s)
✔ [8748/8884] Built FormalConjectures.ErdosProblems.«539» (6.9s)
✔ [8749/8884] Built FormalConjectures.ErdosProblems.«535» (7.4s)
✔ [8750/8884] Built FormalConjectures.ErdosProblems.«479» (6.6s)
✔ [8751/8884] Built FormalConjectures.ErdosProblems.«517» (6.7s)
✔ [8752/8884] Built FormalConjectures.ErdosProblems.«409» (7.4s)
✔ [8753/8884] Built FormalConjectures.ErdosProblems.«398» (6.9s)
✔ [8754/8884] Built FormalConjectures.ErdosProblems.«385» (7.2s)
✔ [8755/8884] Built FormalConjectures.ErdosProblems.«36» (7.7s)
✔ [8756/8884] Built FormalConjectures.ErdosProblems.«358» (6.9s)
✔ [8757/8884] Built FormalConjectures.ErdosProblems.«332» (6.7s)
✔ [8758/8884] Built FormalConjectures.ErdosProblems.«329» (6.9s)
✔ [8759/8884] Built FormalConjectures.ErdosProblems.«340» (10s)
✔ [8760/8884] Built FormalConjectures.ErdosProblems.«324» (6.7s)
✔ [8761/8884] Built FormalConjectures.ErdosProblems.«307» (7.2s)
✔ [8762/8884] Built FormalConjectures.ErdosProblems.«288» (7.4s)
✔ [8763/8884] Built FormalConjectures.ErdosProblems.«282» (7.9s)
✔ [8764/8884] Built FormalConjectures.ErdosProblems.«272» (6.9s)
✔ [8765/8884] Built FormalConjectures.ErdosProblems.«313» (15s)
✔ [8766/8884] Built FormalConjectures.ErdosProblems.«269» (7.3s)
✔ [8767/8884] Built FormalConjectures.ErdosProblems.«260» (6.9s)
✔ [8768/8884] Built FormalConjectures.ErdosProblems.«23» (7.1s)
✔ [8769/8884] Built FormalConjectures.ErdosProblems.«200» (6.8s)
✔ [8770/8884] Built FormalConjectures.ErdosProblems.«188» (6.8s)
✔ [8771/8884] Built FormalConjectures.ErdosProblems.«137» (7.2s)
✔ [8772/8884] Built FormalConjectures.ErdosProblems.«12» (7.1s)
✔ [8773/8884] Built FormalConjectures.ErdosProblems.«125» (7.3s)
✔ [8774/8884] Built FormalConjectures.ErdosProblems.«123» (7.2s)
✔ [8775/8884] Built FormalConjectures.ErdosProblems.«1113» (6.8s)
✔ [8776/8884] Built FormalConjectures.ErdosProblems.«1093» (6.8s)
✔ [8777/8884] Built FormalConjectures.ErdosProblems.«1097» (8.3s)
✔ [8778/8884] Built FormalConjectures.ErdosProblems.«1092» (6.7s)
✔ [8779/8884] Built FormalConjectures.ErdosProblems.«1074» (8.1s)
✔ [8780/8884] Built FormalConjectures.ErdosProblems.«1002» (7.0s)
✔ [8781/8884] Built FormalConjectures.Millenium.Poincare (7.5s)
✔ [8782/8884] Built FormalConjectures.Millenium.PvsNP (6.9s)
✔ [8783/8884] Built FormalConjectures.Millenium.NavierStokes (11s)
✔ [8784/8884] Built FormalConjectures.Mathoverflow.«1973» (7.3s)
✔ [8785/8884] Built FormalConjectures.Millenium.RiemannHypothesis (11s)
✔ [8786/8884] Built FormalConjectures.Mathoverflow.«235893» (8.2s)
✔ [8787/8884] Built FormalConjectures.Mathoverflow.«31809» (6.8s)
✔ [8788/8884] Built FormalConjectures.Mathoverflow.«17560» (7.1s)
✔ [8789/8884] Built FormalConjectures.Mathoverflow.«486451» (6.8s)
✔ [8790/8884] Built FormalConjectures.Mathoverflow.«347178» (7.4s)
✔ [8791/8884] Built FormalConjectures.Mathoverflow.«34145» (13s)
✔ [8792/8884] Built FormalConjectures.Mathoverflow.«21003» (6.8s)
✔ [8793/8884] Built FormalConjectures.Mathoverflow.«10799» (8.1s)
✔ [8794/8884] Built FormalConjectures.Mathoverflow.«507128» (7.0s)
✔ [8795/8884] Built FormalConjectures.Mathoverflow.«75792» (9.2s)
✔ [8796/8884] Built FormalConjectures.GreensOpenProblems.«28» (6.9s)
✔ [8797/8884] Built FormalConjectures.Books.UniformDistributionOfSequences.Equidistribution (7.1s)
✔ [8798/8884] Built FormalConjectures.Books.BorweinSineSeries (6.9s)
✔ [8799/8884] Built FormalConjectures.Books.BugeaudDistributionModuloOne.Problem10_6 (7.7s)
✔ [8800/8884] Built FormalConjectures.Books.BugeaudDistributionModuloOne.Problem10_7 (6.9s)
✔ [8801/8884] Built FormalConjectures.Books.BugeaudDistributionModuloOne.Problem10_5 (8.3s)
✔ [8802/8884] Built FormalConjectures.Books.BugeaudDistributionModuloOne.Problem10_4 (6.7s)
✔ [8803/8884] Built FormalConjectures.Books.BugeaudDistributionModuloOne.IntDistanceDistribution (8.7s)
✔ [8804/8884] Built FormalConjectures.Books.BugeaudDistributionModuloOne.Problem10_8 (6.0s)
✔ [8805/8884] Built FormalConjectures.Arxiv.«1601.03081».UniqueCrystalComponents (6.8s)
✔ [8806/8884] Built FormalConjectures.Arxiv.«2107.00295».IndependentDomination (6.8s)
✔ [8807/8884] Built FormalConjectures.Arxiv.«1308.0994».BoxdotConjecture (8.3s)
✔ [8808/8884] Built FormalConjectures.Arxiv.«0912.2382».CurlingNumberConjecture (7.1s)
✔ [8809/8884] Built FormalConjectures.Arxiv.«1609.08688».sIncreasingrTuples (14s)
✔ [8810/8884] Built FormalConjectures.Arxiv.«2602.05192».FirstProof6 (7.3s)
✔ [8811/8884] Built FormalConjectures.Arxiv.«2602.05192».FirstProof4 (9.1s)
✔ [8812/8884] Built FormalConjectures.Arxiv.«2303.01089».FurstenbergTimesPTimesQ (7.4s)
✔ [8813/8884] Built FormalConjectures.Arxiv.«math.0110202».BanachMazurRotation (8.4s)
✔ [8814/8884] Built FormalConjectures.Arxiv.«2504.17644».Margulis (12s)
✔ [8815/8884] Built FormalConjectures.Arxiv.«2208.14736».ZariskiCancellation (7.2s)
✔ [8816/8884] Built FormalConjectures.Arxiv.«0911.2077».Conjecture6_3 (7.3s)
✔ [8817/8884] Built FormalConjectures.Arxiv.«2107.12475».CollatzLike (7.0s)
✔ [8818/8884] Built FormalConjectures.Arxiv.«2501.03234».ArithmeticSumS (8.1s)
✔ [8819/8884] Built FormalConjectures.Arxiv.«2001.02665».RingelConjecture (6.9s)
✔ [8820/8884] Built FormalConjectures.Paper.ConjugacyClassSizes (9.2s)
✔ [8821/8884] Built FormalConjectures.OpenQuantumProblems.«23» (18s)
✔ [8822/8884] Built FormalConjectures.Paper.CatchUpConjecture (7.8s)
✔ [8823/8884] Built FormalConjectures.OpenQuantumProblems.«13» (26s)
✔ [8824/8884] Built FormalConjectures.OpenQuantumProblems.«35» (24s)
✔ [8825/8884] Built FormalConjectures.Paper.Rupert (7.4s)
✔ [8826/8884] Built FormalConjectures.Paper.ReedOmegaDeltaChi (7.1s)
✔ [8827/8884] Built FormalConjectures.Paper.WeaklyFirstCountable (6.9s)
✔ [8828/8884] Built FormalConjectures.Paper.StrongSensitivityConjecture (6.9s)
✔ [8829/8884] Built FormalConjectures.Paper.DeGiorgi (11s)
✔ [8830/8884] Built FormalConjectures.Paper.WeakTiling (7.1s)
✔ [8831/8884] Built FormalConjectures.Paper.VoronovskajaTypeFormula (7.1s)
✔ [8832/8884] Built FormalConjectures.Paper.CasasAlvero (8.9s)
✔ [8833/8884] Built FormalConjectures.Paper.Gourevitch (6.6s)
✔ [8834/8884] Built FormalConjectures.Paper.LatinSquare (23s)
✔ [8835/8884] Built FormalConjectures.Paper.ZagierMZV (8.4s)
✔ [8836/8884] Built FormalConjectures.Paper.FusibleNumber (7.4s)
✔ [8837/8884] Built FormalConjectures.Paper.KotzigConjecture (6.9s)
✔ [8838/8884] Built FormalConjectures.Paper.HartshorneConjecture (10s)
✔ [8839/8884] Built FormalConjectures.Paper.DegreeSequencesTriangleFree (9.6s)
✔ [8840/8884] Built FormalConjectures.Paper.Homogenous (7.6s)
✔ [8841/8884] Built FormalConjectures.Paper.PrimeTuples (7.1s)
✔ [8842/8884] Built FormalConjectures.Paper.RingelConjecture (6.7s)
✔ [8843/8884] Built FormalConjectures.Paper.LatinTableau (6.7s)
✔ [8844/8884] Built FormalConjectures.Paper.Dubner (7.4s)
✔ [8845/8884] Built FormalConjectures.Paper.Chvatal (6.8s)
✔ [8846/8884] Built FormalConjectures.Paper.ClaudesCycles (6.0s)
✔ [8847/8884] Built FormalConjectures.Paper.Kurepa (11s)
✔ [8848/8884] Built FormalConjectures.Paper.CardinalityLindelof (6.8s)
✔ [8849/8884] Built FormalConjectures.Other.SchurTruncatedExponential (6.8s)
✔ [8850/8884] Built FormalConjectures.Other.BeaverMathOlympiad (7.6s)
✔ [8851/8884] Built FormalConjectures.Other.VCDimConvex (6.9s)
✔ [8852/8884] Built FormalConjectures.Other.SuffixPrefixAvoidance (7.2s)
✔ [8853/8884] Built FormalConjectures.Other.EquationalTheories_677_255 (7.2s)
✔ [8854/8884] Built FormalConjectures.OptimizationConstants.«1a» (7.2s)
✔ [8855/8884] Built FormalConjectures.GreensOpenProblems.«63» (6.2s)
✔ [8856/8884] Built FormalConjectures.GreensOpenProblems.«45» (6.2s)
✔ [8857/8884] Built FormalConjectures.GreensOpenProblems.«7» (7.2s)
✔ [8858/8884] Built FormalConjectures.ErdosProblems.«40» (7.6s)
✔ [8859/8884] Built FormalConjectures.ErdosProblems.«1145» (6.0s)
✔ [8860/8884] Built FormalConjectures.GreensOpenProblems.«77» (6.7s)
✔ [8861/8884] Built FormalConjectures.GreensOpenProblems.«81» (6.7s)
✔ [8862/8884] Built FormalConjectures.ErdosProblems.«683» (6.9s)
✔ [8863/8884] Built FormalConjectures.Wikipedia.OddWeirdNumber (6.2s)
✔ [8864/8884] Built FormalConjectures.Wikipedia.ErdosRadoSunflowerConjecture (6.7s)
✔ [8865/8884] Built FormalConjectures.Wikipedia.HappyEndingProblem (6.2s)
✔ [8866/8884] Built FormalConjectures.Wikipedia.SparseRuler (6.9s)
✔ [8867/8884] Built FormalConjectures.ErdosProblems.«1135» (6.7s)
✔ [8868/8884] Built FormalConjectures.Wikipedia.HerzogSchonheimConjecture (6.7s)
✔ [8869/8884] Built FormalConjectures.ErdosProblems.«855» (6.8s)
✔ [8870/8884] Built FormalConjectures.Paper.MonochromaticQuantumGraph (96s)
✔ [8871/8884] Built FormalConjectures.ErdosProblems.«884» (7.2s)
✔ [8872/8884] Built FormalConjectures.Wikipedia.HilbertFifthProblem (6.3s)
✔ [8873/8884] Built FormalConjectures.Wikipedia.HadwigerNelson (6.5s)
✔ [8874/8884] Built FormalConjectures.Wikipedia.NoThreeInLineProblem (6.4s)
✔ [8875/8884] Built FormalConjectures.ErdosProblems.«252» (7.1s)
✔ [8876/8884] Built FormalConjectures.ErdosProblems.«375» (9.8s)
✔ [8877/8884] Built FormalConjectures.Wikipedia.BrocardProblem (6.2s)
✔ [8878/8884] Built FormalConjectures.Wikipedia.MinimalOverlapProblem (6.3s)
✔ [8879/8884] Built FormalConjectures.Wikipedia.AmicableNumbers (7.3s)
✔ [8880/8884] Built FormalConjectures.Wikipedia.ArtinPrimitiveRootsConjecture (7.3s)
✔ [8881/8884] Built FormalConjectures.Mathoverflow.«339137» (6.3s)
✔ [8882/8884] Built FormalConjectures.Subsets.FC100SolvedSet1 (6.3s)
✔ [8883/8884] Built FormalConjectures.Subsets.FC100OpenSet1 (6.4s)
Build completed successfully (8884 jobs).
